{"/Users/sushilsharma/Desktop/coupon-service/src/app.controller.ts": {"path":"/Users/sushilsharma/Desktop/coupon-service/src/app.controller.ts","statementMap":{"0":{"start":{"line":1,"column":0},"end":{"line":1,"column":48}},"1":{"start":{"line":2,"column":0},"end":{"line":2,"column":42}},"2":{"start":{"line":3,"column":0},"end":{"line":3,"column":43}},"3":{"start":{"line":8,"column":7},"end":{"line":15,"column":null}},"4":{"start":{"line":9,"column":31},"end":{"line":9,"column":43}},"5":{"start":{"line":13,"column":4},"end":{"line":13,"column":38}},"6":{"start":{"line":11,"column":2},"end":{"line":14,"column":null}},"7":{"start":{"line":8,"column":13},"end":{"line":15,"column":null}},"8":{"start":{"line":8,"column":13},"end":{"line":8,"column":26}}},"fnMap":{"0":{"name":"(anonymous_2)","decl":{"start":{"line":9,"column":2},"end":{"line":9,"column":31}},"loc":{"start":{"line":9,"column":53},"end":{"line":9,"column":57}}},"1":{"name":"(anonymous_3)","decl":{"start":{"line":12,"column":2},"end":{"line":12,"column":10}},"loc":{"start":{"line":12,"column":10},"end":{"line":14,"column":3}}}},"branchMap":{},"s":{"0":0,"1":0,"2":0,"3":0,"4":0,"5":0,"6":0,"7":0,"8":0},"f":{"0":0,"1":0},"b":{}}
,"/Users/sushilsharma/Desktop/coupon-service/src/app.module.ts": {"path":"/Users/sushilsharma/Desktop/coupon-service/src/app.module.ts","statementMap":{"0":{"start":{"line":1,"column":0},"end":{"line":1,"column":40}},"1":{"start":{"line":2,"column":0},"end":{"line":2,"column":49}},"2":{"start":{"line":3,"column":0},"end":{"line":3,"column":43}},"3":{"start":{"line":4,"column":0},"end":{"line":4,"column":58}},"4":{"start":{"line":5,"column":0},"end":{"line":5,"column":48}},"5":{"start":{"line":6,"column":0},"end":{"line":6,"column":43}},"6":{"start":{"line":7,"column":0},"end":{"line":7,"column":53}},"7":{"start":{"line":8,"column":0},"end":{"line":8,"column":65}},"8":{"start":{"line":9,"column":0},"end":{"line":9,"column":79}},"9":{"start":{"line":10,"column":0},"end":{"line":10,"column":111}},"10":{"start":{"line":11,"column":0},"end":{"line":11,"column":60}},"11":{"start":{"line":12,"column":0},"end":{"line":12,"column":62}},"12":{"start":{"line":31,"column":7},"end":{"line":31,"column":27}},"13":{"start":{"line":31,"column":13},"end":{"line":31,"column":27}},"14":{"start":{"line":31,"column":13},"end":{"line":31,"column":22}}},"fnMap":{},"branchMap":{},"s":{"0":0,"1":0,"2":0,"3":0,"4":0,"5":0,"6":0,"7":0,"8":0,"9":0,"10":0,"11":0,"12":0,"13":0,"14":0},"f":{},"b":{}}
,"/Users/sushilsharma/Desktop/coupon-service/src/app.service.ts": {"path":"/Users/sushilsharma/Desktop/coupon-service/src/app.service.ts","statementMap":{"0":{"start":{"line":1,"column":0},"end":{"line":1,"column":44}},"1":{"start":{"line":2,"column":0},"end":{"line":2,"column":53}},"2":{"start":{"line":5,"column":23},"end":{"line":10,"column":null}},"3":{"start":{"line":6,"column":10},"end":{"line":6,"column":null}},"4":{"start":{"line":8,"column":4},"end":{"line":8,"column":54}},"5":{"start":{"line":5,"column":13},"end":{"line":10,"column":null}},"6":{"start":{"line":5,"column":13},"end":{"line":5,"column":23}}},"fnMap":{"0":{"name":"(anonymous_1)","decl":{"start":{"line":5,"column":7},"end":{"line":5,"column":13}},"loc":{"start":{"line":5,"column":7},"end":{"line":10,"column":1}}},"1":{"name":"(anonymous_2)","decl":{"start":{"line":7,"column":2},"end":{"line":7,"column":7}},"loc":{"start":{"line":7,"column":16},"end":{"line":9,"column":3}}}},"branchMap":{},"s":{"0":0,"1":0,"2":0,"3":0,"4":0,"5":0,"6":0},"f":{"0":0,"1":0},"b":{}}
,"/Users/sushilsharma/Desktop/coupon-service/src/lookup.enums.ts": {"path":"/Users/sushilsharma/Desktop/coupon-service/src/lookup.enums.ts","statementMap":{"0":{"start":{"line":1,"column":0},"end":{"line":1,"column":null}},"1":{"start":{"line":2,"column":4},"end":{"line":2,"column":null}},"2":{"start":{"line":3,"column":4},"end":{"line":3,"column":null}},"3":{"start":{"line":6,"column":0},"end":{"line":6,"column":null}},"4":{"start":{"line":7,"column":4},"end":{"line":7,"column":null}},"5":{"start":{"line":8,"column":4},"end":{"line":8,"column":null}},"6":{"start":{"line":9,"column":4},"end":{"line":9,"column":null}},"7":{"start":{"line":12,"column":0},"end":{"line":12,"column":null}},"8":{"start":{"line":13,"column":4},"end":{"line":13,"column":null}},"9":{"start":{"line":14,"column":4},"end":{"line":14,"column":null}},"10":{"start":{"line":17,"column":0},"end":{"line":17,"column":null}},"11":{"start":{"line":18,"column":4},"end":{"line":18,"column":null}},"12":{"start":{"line":19,"column":4},"end":{"line":19,"column":null}},"13":{"start":{"line":20,"column":4},"end":{"line":20,"column":null}},"14":{"start":{"line":21,"column":4},"end":{"line":21,"column":null}},"15":{"start":{"line":24,"column":0},"end":{"line":24,"column":null}},"16":{"start":{"line":25,"column":4},"end":{"line":25,"column":null}},"17":{"start":{"line":26,"column":4},"end":{"line":26,"column":null}},"18":{"start":{"line":27,"column":4},"end":{"line":27,"column":null}},"19":{"start":{"line":30,"column":0},"end":{"line":30,"column":null}},"20":{"start":{"line":31,"column":4},"end":{"line":31,"column":null}},"21":{"start":{"line":32,"column":4},"end":{"line":32,"column":null}},"22":{"start":{"line":33,"column":4},"end":{"line":33,"column":null}},"23":{"start":{"line":34,"column":4},"end":{"line":34,"column":null}},"24":{"start":{"line":35,"column":4},"end":{"line":35,"column":null}},"25":{"start":{"line":36,"column":4},"end":{"line":36,"column":null}},"26":{"start":{"line":37,"column":4},"end":{"line":37,"column":null}},"27":{"start":{"line":38,"column":4},"end":{"line":38,"column":null}},"28":{"start":{"line":41,"column":0},"end":{"line":41,"column":null}},"29":{"start":{"line":42,"column":4},"end":{"line":42,"column":null}},"30":{"start":{"line":43,"column":4},"end":{"line":43,"column":null}},"31":{"start":{"line":44,"column":4},"end":{"line":44,"column":null}},"32":{"start":{"line":45,"column":4},"end":{"line":45,"column":null}},"33":{"start":{"line":48,"column":0},"end":{"line":48,"column":null}},"34":{"start":{"line":49,"column":4},"end":{"line":49,"column":null}},"35":{"start":{"line":50,"column":4},"end":{"line":50,"column":null}},"36":{"start":{"line":53,"column":0},"end":{"line":53,"column":null}},"37":{"start":{"line":54,"column":4},"end":{"line":54,"column":null}},"38":{"start":{"line":55,"column":4},"end":{"line":55,"column":null}},"39":{"start":{"line":56,"column":4},"end":{"line":56,"column":null}},"40":{"start":{"line":57,"column":4},"end":{"line":57,"column":null}},"41":{"start":{"line":60,"column":0},"end":{"line":60,"column":null}},"42":{"start":{"line":61,"column":4},"end":{"line":61,"column":null}},"43":{"start":{"line":62,"column":4},"end":{"line":62,"column":null}},"44":{"start":{"line":63,"column":4},"end":{"line":63,"column":null}}},"fnMap":{"0":{"name":"(anonymous_0)","decl":{"start":{"line":1,"column":0},"end":{"line":1,"column":12}},"loc":{"start":{"line":1,"column":38},"end":{"line":4,"column":1}}},"1":{"name":"(anonymous_1)","decl":{"start":{"line":6,"column":0},"end":{"line":6,"column":12}},"loc":{"start":{"line":6,"column":22},"end":{"line":10,"column":1}}},"2":{"name":"(anonymous_2)","decl":{"start":{"line":12,"column":0},"end":{"line":12,"column":12}},"loc":{"start":{"line":12,"column":21},"end":{"line":15,"column":1}}},"3":{"name":"(anonymous_3)","decl":{"start":{"line":17,"column":0},"end":{"line":17,"column":12}},"loc":{"start":{"line":17,"column":24},"end":{"line":22,"column":1}}},"4":{"name":"(anonymous_4)","decl":{"start":{"line":24,"column":0},"end":{"line":24,"column":12}},"loc":{"start":{"line":24,"column":22},"end":{"line":28,"column":1}}},"5":{"name":"(anonymous_5)","decl":{"start":{"line":30,"column":0},"end":{"line":30,"column":12}},"loc":{"start":{"line":30,"column":18},"end":{"line":39,"column":1}}},"6":{"name":"(anonymous_6)","decl":{"start":{"line":41,"column":0},"end":{"line":41,"column":12}},"loc":{"start":{"line":41,"column":24},"end":{"line":46,"column":1}}},"7":{"name":"(anonymous_7)","decl":{"start":{"line":48,"column":0},"end":{"line":48,"column":12}},"loc":{"start":{"line":48,"column":20},"end":{"line":51,"column":1}}},"8":{"name":"(anonymous_8)","decl":{"start":{"line":53,"column":0},"end":{"line":53,"column":12}},"loc":{"start":{"line":53,"column":17},"end":{"line":58,"column":1}}},"9":{"name":"(anonymous_9)","decl":{"start":{"line":60,"column":0},"end":{"line":60,"column":12}},"loc":{"start":{"line":60,"column":28},"end":{"line":64,"column":1}}}},"branchMap":{"0":{"loc":{"start":{"line":1,"column":12},"end":{"line":1,"column":null}},"type":"binary-expr","locations":[{"start":{"line":1,"column":12},"end":{"line":1,"column":38}},{"start":{"line":1,"column":12},"end":{"line":1,"column":null}}]},"1":{"loc":{"start":{"line":6,"column":12},"end":{"line":6,"column":null}},"type":"binary-expr","locations":[{"start":{"line":6,"column":12},"end":{"line":6,"column":22}},{"start":{"line":6,"column":12},"end":{"line":6,"column":null}}]},"2":{"loc":{"start":{"line":12,"column":12},"end":{"line":12,"column":null}},"type":"binary-expr","locations":[{"start":{"line":12,"column":12},"end":{"line":12,"column":21}},{"start":{"line":12,"column":12},"end":{"line":12,"column":null}}]},"3":{"loc":{"start":{"line":17,"column":12},"end":{"line":17,"column":null}},"type":"binary-expr","locations":[{"start":{"line":17,"column":12},"end":{"line":17,"column":24}},{"start":{"line":17,"column":12},"end":{"line":17,"column":null}}]},"4":{"loc":{"start":{"line":24,"column":12},"end":{"line":24,"column":null}},"type":"binary-expr","locations":[{"start":{"line":24,"column":12},"end":{"line":24,"column":22}},{"start":{"line":24,"column":12},"end":{"line":24,"column":null}}]},"5":{"loc":{"start":{"line":30,"column":12},"end":{"line":30,"column":null}},"type":"binary-expr","locations":[{"start":{"line":30,"column":12},"end":{"line":30,"column":18}},{"start":{"line":30,"column":12},"end":{"line":30,"column":null}}]},"6":{"loc":{"start":{"line":41,"column":12},"end":{"line":41,"column":null}},"type":"binary-expr","locations":[{"start":{"line":41,"column":12},"end":{"line":41,"column":24}},{"start":{"line":41,"column":12},"end":{"line":41,"column":null}}]},"7":{"loc":{"start":{"line":48,"column":12},"end":{"line":48,"column":null}},"type":"binary-expr","locations":[{"start":{"line":48,"column":12},"end":{"line":48,"column":20}},{"start":{"line":48,"column":12},"end":{"line":48,"column":null}}]},"8":{"loc":{"start":{"line":53,"column":12},"end":{"line":53,"column":null}},"type":"binary-expr","locations":[{"start":{"line":53,"column":12},"end":{"line":53,"column":17}},{"start":{"line":53,"column":12},"end":{"line":53,"column":null}}]},"9":{"loc":{"start":{"line":60,"column":12},"end":{"line":60,"column":null}},"type":"binary-expr","locations":[{"start":{"line":60,"column":12},"end":{"line":60,"column":28}},{"start":{"line":60,"column":12},"end":{"line":60,"column":null}}]}},"s":{"0":11,"1":11,"2":11,"3":11,"4":11,"5":11,"6":11,"7":11,"8":11,"9":11,"10":11,"11":11,"12":11,"13":11,"14":11,"15":11,"16":11,"17":11,"18":11,"19":11,"20":11,"21":11,"22":11,"23":11,"24":11,"25":11,"26":11,"27":11,"28":11,"29":11,"30":11,"31":11,"32":11,"33":11,"34":11,"35":11,"36":11,"37":11,"38":11,"39":11,"40":11,"41":11,"42":11,"43":11,"44":11},"f":{"0":11,"1":11,"2":11,"3":11,"4":11,"5":11,"6":11,"7":11,"8":11,"9":11},"b":{"0":[11,11],"1":[11,11],"2":[11,11],"3":[11,11],"4":[11,11],"5":[11,11],"6":[11,11],"7":[11,11],"8":[11,11],"9":[11,11]}}
,"/Users/sushilsharma/Desktop/coupon-service/src/main.ts": {"path":"/Users/sushilsharma/Desktop/coupon-service/src/main.ts","statementMap":{"0":{"start":{"line":1,"column":0},"end":{"line":1,"column":47}},"1":{"start":{"line":2,"column":0},"end":{"line":2,"column":43}},"2":{"start":{"line":3,"column":0},"end":{"line":3,"column":65}},"3":{"start":{"line":4,"column":0},"end":{"line":4,"column":41}},"4":{"start":{"line":5,"column":0},"end":{"line":5,"column":77}},"5":{"start":{"line":6,"column":0},"end":{"line":6,"column":92}},"6":{"start":{"line":7,"column":0},"end":{"line":7,"column":67}},"7":{"start":{"line":8,"column":0},"end":{"line":8,"column":80}},"8":{"start":{"line":9,"column":0},"end":{"line":9,"column":48}},"9":{"start":{"line":13,"column":14},"end":{"line":13,"column":50}},"10":{"start":{"line":19,"column":2},"end":{"line":25,"column":4}},"11":{"start":{"line":27,"column":2},"end":{"line":27,"column":50}},"12":{"start":{"line":29,"column":2},"end":{"line":29,"column":66}},"13":{"start":{"line":31,"column":2},"end":{"line":31,"column":56}},"14":{"start":{"line":33,"column":2},"end":{"line":33,"column":33}},"15":{"start":{"line":35,"column":17},"end":{"line":40,"column":12}},"16":{"start":{"line":41,"column":19},"end":{"line":41,"column":60}},"17":{"start":{"line":42,"column":2},"end":{"line":44,"column":5}},"18":{"start":{"line":46,"column":15},"end":{"line":46,"column":72}},"19":{"start":{"line":47,"column":15},"end":{"line":47,"column":77}},"20":{"start":{"line":49,"column":2},"end":{"line":49,"column":31}},"21":{"start":{"line":50,"column":2},"end":{"line":50,"column":64}},"22":{"start":{"line":53,"column":0},"end":{"line":53,"column":12}}},"fnMap":{"0":{"name":"bootstrap","decl":{"start":{"line":12,"column":15},"end":{"line":12,"column":24}},"loc":{"start":{"line":12,"column":24},"end":{"line":51,"column":1}}}},"branchMap":{"0":{"loc":{"start":{"line":46,"column":15},"end":{"line":46,"column":72}},"type":"binary-expr","locations":[{"start":{"line":46,"column":15},"end":{"line":46,"column":64}},{"start":{"line":46,"column":68},"end":{"line":46,"column":72}}]},"1":{"loc":{"start":{"line":47,"column":15},"end":{"line":47,"column":77}},"type":"binary-expr","locations":[{"start":{"line":47,"column":15},"end":{"line":47,"column":64}},{"start":{"line":47,"column":68},"end":{"line":47,"column":77}}]}},"s":{"0":0,"1":0,"2":0,"3":0,"4":0,"5":0,"6":0,"7":0,"8":0,"9":0,"10":0,"11":0,"12":0,"13":0,"14":0,"15":0,"16":0,"17":0,"18":0,"19":0,"20":0,"21":0,"22":0},"f":{"0":0},"b":{"0":[0,0],"1":[0,0]}}
,"/Users/sushilsharma/Desktop/coupon-service/src/modules/bulk-coupons/bulk-coupons.module.ts": {"path":"/Users/sushilsharma/Desktop/coupon-service/src/modules/bulk-coupons/bulk-coupons.module.ts","statementMap":{"0":{"start":{"line":1,"column":0},"end":{"line":1,"column":40}},"1":{"start":{"line":2,"column":0},"end":{"line":2,"column":62}},"2":{"start":{"line":3,"column":0},"end":{"line":3,"column":85}},"3":{"start":{"line":4,"column":0},"end":{"line":4,"column":80}},"4":{"start":{"line":5,"column":0},"end":{"line":5,"column":64}},"5":{"start":{"line":6,"column":0},"end":{"line":6,"column":104}},"6":{"start":{"line":7,"column":0},"end":{"line":7,"column":58}},"7":{"start":{"line":8,"column":0},"end":{"line":8,"column":83}},"8":{"start":{"line":9,"column":0},"end":{"line":9,"column":66}},"9":{"start":{"line":10,"column":0},"end":{"line":10,"column":60}},"10":{"start":{"line":11,"column":0},"end":{"line":11,"column":62}},"11":{"start":{"line":12,"column":0},"end":{"line":12,"column":77}},"12":{"start":{"line":13,"column":0},"end":{"line":13,"column":74}},"13":{"start":{"line":31,"column":7},"end":{"line":31,"column":null}},"14":{"start":{"line":31,"column":13},"end":{"line":31,"column":null}},"15":{"start":{"line":31,"column":13},"end":{"line":31,"column":30}}},"fnMap":{},"branchMap":{},"s":{"0":0,"1":0,"2":0,"3":0,"4":0,"5":0,"6":0,"7":0,"8":0,"9":0,"10":0,"11":0,"12":0,"13":0,"14":0,"15":0},"f":{},"b":{}}
,"/Users/sushilsharma/Desktop/coupon-service/src/modules/bulk-coupons/bulk-coupons.repository.ts": {"path":"/Users/sushilsharma/Desktop/coupon-service/src/modules/bulk-coupons/bulk-coupons.repository.ts","statementMap":{"0":{"start":{"line":1,"column":0},"end":{"line":1,"column":52}},"1":{"start":{"line":3,"column":0},"end":{"line":3,"column":62}},"2":{"start":{"line":4,"column":0},"end":{"line":4,"column":58}},"3":{"start":{"line":7,"column":7},"end":{"line":13,"column":null}},"4":{"start":{"line":10,"column":25},"end":{"line":10,"column":68}},"5":{"start":{"line":11,"column":25},"end":{"line":11,"column":42}},"6":{"start":{"line":7,"column":13},"end":{"line":13,"column":null}},"7":{"start":{"line":7,"column":13},"end":{"line":7,"column":34}}},"fnMap":{"0":{"name":"(anonymous_4)","decl":{"start":{"line":8,"column":4},"end":{"line":8,"column":null}},"loc":{"start":{"line":11,"column":58},"end":{"line":12,"column":8}}}},"branchMap":{},"s":{"0":1,"1":1,"2":1,"3":1,"4":0,"5":0,"6":1,"7":1},"f":{"0":0},"b":{}}
,"/Users/sushilsharma/Desktop/coupon-service/src/modules/bulk-coupons/bulk-coupons.service.ts": {"path":"/Users/sushilsharma/Desktop/coupon-service/src/modules/bulk-coupons/bulk-coupons.service.ts","statementMap":{"0":{"start":{"line":1,"column":0},"end":{"line":1,"column":71}},"1":{"start":{"line":2,"column":0},"end":{"line":2,"column":33}},"2":{"start":{"line":3,"column":0},"end":{"line":3,"column":77}},"3":{"start":{"line":4,"column":0},"end":{"line":4,"column":59}},"4":{"start":{"line":5,"column":0},"end":{"line":5,"column":68}},"5":{"start":{"line":6,"column":0},"end":{"line":6,"column":78}},"6":{"start":{"line":7,"column":0},"end":{"line":7,"column":106}},"7":{"start":{"line":8,"column":0},"end":{"line":8,"column":100}},"8":{"start":{"line":9,"column":0},"end":{"line":9,"column":60}},"9":{"start":{"line":10,"column":0},"end":{"line":10,"column":66}},"10":{"start":{"line":13,"column":7},"end":{"line":101,"column":null}},"11":{"start":{"line":15,"column":21},"end":{"line":15,"column":43}},"12":{"start":{"line":16,"column":21},"end":{"line":16,"column":36}},"13":{"start":{"line":17,"column":21},"end":{"line":17,"column":50}},"14":{"start":{"line":18,"column":21},"end":{"line":18,"column":37}},"15":{"start":{"line":19,"column":21},"end":{"line":19,"column":42}},"16":{"start":{"line":28,"column":26},"end":{"line":28,"column":90}},"17":{"start":{"line":29,"column":26},"end":{"line":29,"column":79}},"18":{"start":{"line":30,"column":22},"end":{"line":30,"column":88}},"19":{"start":{"line":30,"column":54},"end":{"line":30,"column":87}},"20":{"start":{"line":31,"column":19},"end":{"line":31,"column":103}},"21":{"start":{"line":33,"column":20},"end":{"line":33,"column":22}},"22":{"start":{"line":34,"column":19},"end":{"line":34,"column":21}},"23":{"start":{"line":36,"column":21},"end":{"line":36,"column":25}},"24":{"start":{"line":37,"column":16},"end":{"line":37,"column":18}},"25":{"start":{"line":38,"column":15},"end":{"line":38,"column":16}},"26":{"start":{"line":40,"column":4},"end":{"line":45,"column":null}},"27":{"start":{"line":41,"column":25},"end":{"line":41,"column":93}},"28":{"start":{"line":42,"column":6},"end":{"line":42,"column":61}},"29":{"start":{"line":42,"column":22},"end":{"line":42,"column":61}},"30":{"start":{"line":43,"column":6},"end":{"line":43,"column":68}},"31":{"start":{"line":43,"column":49},"end":{"line":43,"column":68}},"32":{"start":{"line":44,"column":6},"end":{"line":44,"column":20}},"33":{"start":{"line":47,"column":4},"end":{"line":48,"column":84}},"34":{"start":{"line":48,"column":6},"end":{"line":48,"column":84}},"35":{"start":{"line":50,"column":4},"end":{"line":50,"column":49}},"36":{"start":{"line":50,"column":25},"end":{"line":50,"column":47}},"37":{"start":{"line":52,"column":26},"end":{"line":52,"column":54}},"38":{"start":{"line":54,"column":25},"end":{"line":56,"column":45}},"39":{"start":{"line":58,"column":24},"end":{"line":58,"column":81}},"40":{"start":{"line":60,"column":4},"end":{"line":60,"column":174}},"41":{"start":{"line":60,"column":68},"end":{"line":60,"column":174}},"42":{"start":{"line":62,"column":22},"end":{"line":62,"column":24}},"43":{"start":{"line":64,"column":4},"end":{"line":85,"column":null}},"44":{"start":{"line":64,"column":21},"end":{"line":64,"column":22}},"45":{"start":{"line":65,"column":21},"end":{"line":65,"column":39}},"46":{"start":{"line":66,"column":21},"end":{"line":66,"column":61}},"47":{"start":{"line":68,"column":29},"end":{"line":71,"column":63}},"48":{"start":{"line":73,"column":35},"end":{"line":73,"column":121}},"49":{"start":{"line":75,"column":6},"end":{"line":75,"column":41}},"50":{"start":{"line":75,"column":32},"end":{"line":75,"column":41}},"51":{"start":{"line":77,"column":26},"end":{"line":81,"column":null}},"52":{"start":{"line":84,"column":6},"end":{"line":84,"column":36}},"53":{"start":{"line":86,"column":4},"end":{"line":86,"column":87}},"54":{"start":{"line":87,"column":4},"end":{"line":87,"column":10}},"55":{"start":{"line":97,"column":15},"end":{"line":97,"column":66}},"56":{"start":{"line":98,"column":4},"end":{"line":98,"column":71}},"57":{"start":{"line":99,"column":4},"end":{"line":99,"column":80}},"58":{"start":{"line":13,"column":13},"end":{"line":101,"column":null}},"59":{"start":{"line":13,"column":13},"end":{"line":13,"column":31}}},"fnMap":{"0":{"name":"(anonymous_2)","decl":{"start":{"line":14,"column":2},"end":{"line":14,"column":null}},"loc":{"start":{"line":19,"column":61},"end":{"line":20,"column":7}}},"1":{"name":"(anonymous_3)","decl":{"start":{"line":22,"column":2},"end":{"line":22,"column":7}},"loc":{"start":{"line":25,"column":25},"end":{"line":88,"column":3}}},"2":{"name":"(anonymous_4)","decl":{"start":{"line":30,"column":40},"end":{"line":30,"column":41}},"loc":{"start":{"line":30,"column":54},"end":{"line":30,"column":87}}},"3":{"name":"(anonymous_5)","decl":{"start":{"line":50,"column":17},"end":{"line":50,"column":21}},"loc":{"start":{"line":50,"column":25},"end":{"line":50,"column":47}}},"4":{"name":"(anonymous_6)","decl":{"start":{"line":90,"column":2},"end":{"line":90,"column":7}},"loc":{"start":{"line":95,"column":16},"end":{"line":100,"column":3}}}},"branchMap":{"0":{"loc":{"start":{"line":30,"column":54},"end":{"line":30,"column":87}},"type":"binary-expr","locations":[{"start":{"line":30,"column":54},"end":{"line":30,"column":68}},{"start":{"line":30,"column":72},"end":{"line":30,"column":87}}]},"1":{"loc":{"start":{"line":31,"column":19},"end":{"line":31,"column":103}},"type":"cond-expr","locations":[{"start":{"line":31,"column":91},"end":{"line":31,"column":95}},{"start":{"line":31,"column":98},"end":{"line":31,"column":103}}]},"2":{"loc":{"start":{"line":31,"column":19},"end":{"line":31,"column":88}},"type":"binary-expr","locations":[{"start":{"line":31,"column":19},"end":{"line":31,"column":28}},{"start":{"line":31,"column":32},"end":{"line":31,"column":48}},{"start":{"line":31,"column":52},"end":{"line":31,"column":88}}]},"3":{"loc":{"start":{"line":42,"column":6},"end":{"line":42,"column":61}},"type":"if","locations":[{"start":{"line":42,"column":6},"end":{"line":42,"column":61}}]},"4":{"loc":{"start":{"line":43,"column":6},"end":{"line":43,"column":68}},"type":"if","locations":[{"start":{"line":43,"column":6},"end":{"line":43,"column":68}}]},"5":{"loc":{"start":{"line":43,"column":10},"end":{"line":43,"column":47}},"type":"binary-expr","locations":[{"start":{"line":43,"column":10},"end":{"line":43,"column":20}},{"start":{"line":43,"column":24},"end":{"line":43,"column":47}}]},"6":{"loc":{"start":{"line":47,"column":4},"end":{"line":48,"column":84}},"type":"if","locations":[{"start":{"line":47,"column":4},"end":{"line":48,"column":84}}]},"7":{"loc":{"start":{"line":60,"column":4},"end":{"line":60,"column":174}},"type":"if","locations":[{"start":{"line":60,"column":4},"end":{"line":60,"column":174}}]},"8":{"loc":{"start":{"line":60,"column":8},"end":{"line":60,"column":66}},"type":"binary-expr","locations":[{"start":{"line":60,"column":8},"end":{"line":60,"column":19}},{"start":{"line":60,"column":23},"end":{"line":60,"column":66}}]},"9":{"loc":{"start":{"line":75,"column":6},"end":{"line":75,"column":41}},"type":"if","locations":[{"start":{"line":75,"column":6},"end":{"line":75,"column":41}}]},"10":{"loc":{"start":{"line":98,"column":4},"end":{"line":98,"column":70}},"type":"cond-expr","locations":[{"start":{"line":98,"column":15},"end":{"line":98,"column":38}},{"start":{"line":98,"column":41},"end":{"line":98,"column":70}}]}},"s":{"0":1,"1":1,"2":1,"3":1,"4":1,"5":1,"6":1,"7":1,"8":1,"9":1,"10":1,"11":0,"12":0,"13":0,"14":0,"15":0,"16":0,"17":0,"18":0,"19":0,"20":0,"21":0,"22":0,"23":0,"24":0,"25":0,"26":0,"27":0,"28":0,"29":0,"30":0,"31":0,"32":0,"33":0,"34":0,"35":0,"36":0,"37":0,"38":0,"39":0,"40":0,"41":0,"42":0,"43":0,"44":0,"45":0,"46":0,"47":0,"48":0,"49":0,"50":0,"51":0,"52":0,"53":0,"54":0,"55":0,"56":0,"57":0,"58":1,"59":1},"f":{"0":0,"1":0,"2":0,"3":0,"4":0},"b":{"0":[0,0],"1":[0,0],"2":[0,0,0],"3":[0],"4":[0],"5":[0,0],"6":[0],"7":[0],"8":[0,0],"9":[0],"10":[0,0]}}
,"/Users/sushilsharma/Desktop/coupon-service/src/modules/bulk-coupons/admin/admin-bulk-coupons.controller.ts": {"path":"/Users/sushilsharma/Desktop/coupon-service/src/modules/bulk-coupons/admin/admin-bulk-coupons.controller.ts","statementMap":{"0":{"start":{"line":1,"column":0},"end":{"line":1,"column":77}},"1":{"start":{"line":2,"column":0},"end":{"line":2,"column":69}},"2":{"start":{"line":3,"column":0},"end":{"line":3,"column":33}},"3":{"start":{"line":4,"column":0},"end":{"line":4,"column":71}},"4":{"start":{"line":5,"column":0},"end":{"line":5,"column":61}},"5":{"start":{"line":7,"column":21},"end":{"line":7,"column":35}},"6":{"start":{"line":10,"column":7},"end":{"line":31,"column":null}},"7":{"start":{"line":12,"column":25},"end":{"line":12,"column":44}},"8":{"start":{"line":25,"column":8},"end":{"line":29,"column":10}},"9":{"start":{"line":24,"column":10},"end":{"line":30,"column":null}},"10":{"start":{"line":10,"column":13},"end":{"line":31,"column":null}},"11":{"start":{"line":10,"column":13},"end":{"line":10,"column":39}}},"fnMap":{"0":{"name":"(anonymous_4)","decl":{"start":{"line":11,"column":4},"end":{"line":11,"column":null}},"loc":{"start":{"line":12,"column":62},"end":{"line":13,"column":9}}},"1":{"name":"(anonymous_5)","decl":{"start":{"line":24,"column":4},"end":{"line":24,"column":9}},"loc":{"start":{"line":24,"column":129},"end":{"line":30,"column":5}}}},"branchMap":{},"s":{"0":0,"1":0,"2":0,"3":0,"4":0,"5":0,"6":0,"7":0,"8":0,"9":0,"10":0,"11":0},"f":{"0":0,"1":0},"b":{}}
,"/Users/sushilsharma/Desktop/coupon-service/src/modules/bulk-coupons/cache/bulk-coupons.cache.ts": {"path":"/Users/sushilsharma/Desktop/coupon-service/src/modules/bulk-coupons/cache/bulk-coupons.cache.ts","statementMap":{"0":{"start":{"line":1,"column":0},"end":{"line":1,"column":44}},"1":{"start":{"line":2,"column":0},"end":{"line":2,"column":69}},"2":{"start":{"line":5,"column":7},"end":{"line":9,"column":null}},"3":{"start":{"line":7,"column":25},"end":{"line":7,"column":39}},"4":{"start":{"line":5,"column":13},"end":{"line":9,"column":null}},"5":{"start":{"line":5,"column":13},"end":{"line":5,"column":29}}},"fnMap":{"0":{"name":"(anonymous_2)","decl":{"start":{"line":6,"column":4},"end":{"line":6,"column":null}},"loc":{"start":{"line":7,"column":51},"end":{"line":8,"column":8}}}},"branchMap":{},"s":{"0":1,"1":1,"2":1,"3":0,"4":1,"5":1},"f":{"0":0},"b":{}}
,"/Users/sushilsharma/Desktop/coupon-service/src/modules/bulk-coupons/dto/bulk-coupons.dto.ts": {"path":"/Users/sushilsharma/Desktop/coupon-service/src/modules/bulk-coupons/dto/bulk-coupons.dto.ts","statementMap":{"0":{"start":{"line":1,"column":0},"end":{"line":1,"column":41}},"1":{"start":{"line":2,"column":0},"end":{"line":2,"column":126}},"2":{"start":{"line":3,"column":0},"end":{"line":3,"column":33}},"3":{"start":{"line":4,"column":0},"end":{"line":4,"column":126}},"4":{"start":{"line":8,"column":4},"end":{"line":10,"column":null}},"5":{"start":{"line":12,"column":4},"end":{"line":14,"column":null}},"6":{"start":{"line":16,"column":4},"end":{"line":18,"column":null}},"7":{"start":{"line":20,"column":4},"end":{"line":22,"column":null}},"8":{"start":{"line":24,"column":4},"end":{"line":26,"column":null}},"9":{"start":{"line":28,"column":4},"end":{"line":30,"column":null}},"10":{"start":{"line":32,"column":4},"end":{"line":34,"column":null}},"11":{"start":{"line":36,"column":4},"end":{"line":38,"column":null}},"12":{"start":{"line":40,"column":4},"end":{"line":42,"column":null}},"13":{"start":{"line":44,"column":4},"end":{"line":46,"column":null}},"14":{"start":{"line":48,"column":4},"end":{"line":50,"column":null}},"15":{"start":{"line":52,"column":4},"end":{"line":54,"column":null}},"16":{"start":{"line":56,"column":4},"end":{"line":58,"column":null}},"17":{"start":{"line":60,"column":4},"end":{"line":62,"column":null}},"18":{"start":{"line":64,"column":4},"end":{"line":66,"column":null}},"19":{"start":{"line":68,"column":4},"end":{"line":70,"column":null}},"20":{"start":{"line":72,"column":4},"end":{"line":74,"column":null}},"21":{"start":{"line":76,"column":4},"end":{"line":78,"column":null}},"22":{"start":{"line":80,"column":4},"end":{"line":82,"column":null}},"23":{"start":{"line":84,"column":4},"end":{"line":86,"column":null}},"24":{"start":{"line":88,"column":4},"end":{"line":90,"column":null}},"25":{"start":{"line":92,"column":4},"end":{"line":94,"column":null}},"26":{"start":{"line":96,"column":4},"end":{"line":98,"column":null}},"27":{"start":{"line":100,"column":4},"end":{"line":103,"column":null}},"28":{"start":{"line":102,"column":16},"end":{"line":102,"column":30}},"29":{"start":{"line":6,"column":0},"end":{"line":6,"column":13}}},"fnMap":{"0":{"name":"(anonymous_2)","decl":{"start":{"line":102,"column":10},"end":{"line":102,"column":13}},"loc":{"start":{"line":102,"column":16},"end":{"line":102,"column":30}}}},"branchMap":{},"s":{"0":0,"1":0,"2":0,"3":0,"4":0,"5":0,"6":0,"7":0,"8":0,"9":0,"10":0,"11":0,"12":0,"13":0,"14":0,"15":0,"16":0,"17":0,"18":0,"19":0,"20":0,"21":0,"22":0,"23":0,"24":0,"25":0,"26":0,"27":0,"28":0,"29":0},"f":{"0":0},"b":{}}
,"/Users/sushilsharma/Desktop/coupon-service/src/modules/bulk-coupons/schema/bulk-coupon.schema.ts": {"path":"/Users/sushilsharma/Desktop/coupon-service/src/modules/bulk-coupons/schema/bulk-coupon.schema.ts","statementMap":{"0":{"start":{"line":1,"column":0},"end":{"line":1,"column":63}},"1":{"start":{"line":2,"column":0},"end":{"line":2,"column":46}},"2":{"start":{"line":3,"column":0},"end":{"line":3,"column":73}},"3":{"start":{"line":4,"column":0},"end":{"line":4,"column":131}},"4":{"start":{"line":7,"column":7},"end":{"line":154,"column":null}},"5":{"start":{"line":9,"column":4},"end":{"line":13,"column":null}},"6":{"start":{"line":15,"column":4},"end":{"line":18,"column":null}},"7":{"start":{"line":20,"column":4},"end":{"line":23,"column":null}},"8":{"start":{"line":25,"column":4},"end":{"line":28,"column":null}},"9":{"start":{"line":30,"column":4},"end":{"line":36,"column":null}},"10":{"start":{"line":38,"column":4},"end":{"line":41,"column":null}},"11":{"start":{"line":43,"column":4},"end":{"line":47,"column":null}},"12":{"start":{"line":49,"column":4},"end":{"line":53,"column":null}},"13":{"start":{"line":55,"column":4},"end":{"line":59,"column":null}},"14":{"start":{"line":61,"column":4},"end":{"line":65,"column":null}},"15":{"start":{"line":67,"column":4},"end":{"line":70,"column":null}},"16":{"start":{"line":72,"column":4},"end":{"line":78,"column":null}},"17":{"start":{"line":80,"column":4},"end":{"line":85,"column":null}},"18":{"start":{"line":87,"column":4},"end":{"line":93,"column":null}},"19":{"start":{"line":95,"column":4},"end":{"line":99,"column":null}},"20":{"start":{"line":101,"column":4},"end":{"line":105,"column":null}},"21":{"start":{"line":107,"column":4},"end":{"line":111,"column":null}},"22":{"start":{"line":113,"column":4},"end":{"line":116,"column":null}},"23":{"start":{"line":118,"column":4},"end":{"line":122,"column":null}},"24":{"start":{"line":124,"column":4},"end":{"line":128,"column":null}},"25":{"start":{"line":130,"column":4},"end":{"line":135,"column":null}},"26":{"start":{"line":137,"column":4},"end":{"line":142,"column":null}},"27":{"start":{"line":144,"column":4},"end":{"line":148,"column":null}},"28":{"start":{"line":150,"column":4},"end":{"line":153,"column":null}},"29":{"start":{"line":7,"column":13},"end":{"line":154,"column":null}},"30":{"start":{"line":7,"column":13},"end":{"line":7,"column":24}},"31":{"start":{"line":156,"column":13},"end":{"line":156,"column":75}}},"fnMap":{},"branchMap":{},"s":{"0":1,"1":1,"2":1,"3":1,"4":1,"5":1,"6":1,"7":1,"8":1,"9":1,"10":1,"11":1,"12":1,"13":1,"14":1,"15":1,"16":1,"17":1,"18":1,"19":1,"20":1,"21":1,"22":1,"23":1,"24":1,"25":1,"26":1,"27":1,"28":1,"29":1,"30":1,"31":1},"f":{},"b":{}}
,"/Users/sushilsharma/Desktop/coupon-service/src/modules/bulk-coupons/v1/v1-bulk-coupons.controller.ts": {"path":"/Users/sushilsharma/Desktop/coupon-service/src/modules/bulk-coupons/v1/v1-bulk-coupons.controller.ts","statementMap":{"0":{"start":{"line":1,"column":0},"end":{"line":1,"column":44}},"1":{"start":{"line":2,"column":0},"end":{"line":2,"column":61}},"2":{"start":{"line":5,"column":7},"end":{"line":9,"column":null}},"3":{"start":{"line":7,"column":25},"end":{"line":7,"column":45}},"4":{"start":{"line":5,"column":13},"end":{"line":9,"column":null}},"5":{"start":{"line":5,"column":13},"end":{"line":5,"column":36}}},"fnMap":{"0":{"name":"(anonymous_2)","decl":{"start":{"line":6,"column":4},"end":{"line":6,"column":null}},"loc":{"start":{"line":7,"column":63},"end":{"line":8,"column":9}}}},"branchMap":{},"s":{"0":0,"1":0,"2":0,"3":0,"4":0,"5":0},"f":{"0":0},"b":{}}
,"/Users/sushilsharma/Desktop/coupon-service/src/modules/coupon-student-mappings/coupon-student-mappings.module.ts": {"path":"/Users/sushilsharma/Desktop/coupon-service/src/modules/coupon-student-mappings/coupon-student-mappings.module.ts","statementMap":{"0":{"start":{"line":1,"column":0},"end":{"line":1,"column":40}},"1":{"start":{"line":2,"column":0},"end":{"line":2,"column":62}},"2":{"start":{"line":3,"column":0},"end":{"line":3,"column":85}},"3":{"start":{"line":4,"column":0},"end":{"line":4,"column":105}},"4":{"start":{"line":5,"column":0},"end":{"line":5,"column":81}},"5":{"start":{"line":6,"column":0},"end":{"line":6,"column":86}},"6":{"start":{"line":7,"column":0},"end":{"line":7,"column":81}},"7":{"start":{"line":8,"column":0},"end":{"line":8,"column":108}},"8":{"start":{"line":9,"column":0},"end":{"line":9,"column":95}},"9":{"start":{"line":22,"column":7},"end":{"line":22,"column":null}},"10":{"start":{"line":22,"column":13},"end":{"line":22,"column":null}},"11":{"start":{"line":22,"column":13},"end":{"line":22,"column":40}}},"fnMap":{},"branchMap":{},"s":{"0":0,"1":0,"2":0,"3":0,"4":0,"5":0,"6":0,"7":0,"8":0,"9":0,"10":0,"11":0},"f":{},"b":{}}
,"/Users/sushilsharma/Desktop/coupon-service/src/modules/coupon-student-mappings/coupon-student-mappings.repository.ts": {"path":"/Users/sushilsharma/Desktop/coupon-service/src/modules/coupon-student-mappings/coupon-student-mappings.repository.ts","statementMap":{"0":{"start":{"line":1,"column":0},"end":{"line":1,"column":52}},"1":{"start":{"line":3,"column":0},"end":{"line":3,"column":81}},"2":{"start":{"line":4,"column":0},"end":{"line":4,"column":79}},"3":{"start":{"line":7,"column":7},"end":{"line":39,"column":null}},"4":{"start":{"line":10,"column":25},"end":{"line":10,"column":88}},"5":{"start":{"line":11,"column":25},"end":{"line":11,"column":52}},"6":{"start":{"line":14,"column":25},"end":{"line":14,"column":73}},"7":{"start":{"line":15,"column":8},"end":{"line":15,"column":88}},"8":{"start":{"line":16,"column":8},"end":{"line":16,"column":24}},"9":{"start":{"line":20,"column":8},"end":{"line":20,"column":68}},"10":{"start":{"line":24,"column":8},"end":{"line":24,"column":64}},"11":{"start":{"line":28,"column":22},"end":{"line":28,"column":119}},"12":{"start":{"line":29,"column":8},"end":{"line":29,"column":36}},"13":{"start":{"line":29,"column":21},"end":{"line":29,"column":36}},"14":{"start":{"line":31,"column":8},"end":{"line":31,"column":67}},"15":{"start":{"line":32,"column":8},"end":{"line":32,"column":92}},"16":{"start":{"line":33,"column":8},"end":{"line":33,"column":23}},"17":{"start":{"line":37,"column":8},"end":{"line":37,"column":72}},"18":{"start":{"line":7,"column":13},"end":{"line":39,"column":null}},"19":{"start":{"line":7,"column":13},"end":{"line":7,"column":43}}},"fnMap":{"0":{"name":"(anonymous_4)","decl":{"start":{"line":8,"column":4},"end":{"line":8,"column":null}},"loc":{"start":{"line":11,"column":77},"end":{"line":12,"column":9}}},"1":{"name":"(anonymous_5)","decl":{"start":{"line":13,"column":4},"end":{"line":13,"column":9}},"loc":{"start":{"line":13,"column":44},"end":{"line":17,"column":5}}},"2":{"name":"(anonymous_6)","decl":{"start":{"line":19,"column":4},"end":{"line":19,"column":9}},"loc":{"start":{"line":19,"column":56},"end":{"line":21,"column":5}}},"3":{"name":"(anonymous_7)","decl":{"start":{"line":23,"column":4},"end":{"line":23,"column":9}},"loc":{"start":{"line":23,"column":52},"end":{"line":25,"column":5}}},"4":{"name":"(anonymous_8)","decl":{"start":{"line":27,"column":4},"end":{"line":27,"column":9}},"loc":{"start":{"line":27,"column":57},"end":{"line":34,"column":5}}},"5":{"name":"(anonymous_9)","decl":{"start":{"line":36,"column":4},"end":{"line":36,"column":9}},"loc":{"start":{"line":36,"column":54},"end":{"line":38,"column":5}}}},"branchMap":{"0":{"loc":{"start":{"line":29,"column":8},"end":{"line":29,"column":36}},"type":"if","locations":[{"start":{"line":29,"column":8},"end":{"line":29,"column":36}}]}},"s":{"0":5,"1":5,"2":5,"3":5,"4":0,"5":0,"6":0,"7":0,"8":0,"9":0,"10":0,"11":0,"12":0,"13":0,"14":0,"15":0,"16":0,"17":0,"18":5,"19":5},"f":{"0":0,"1":0,"2":0,"3":0,"4":0,"5":0},"b":{"0":[0]}}
,"/Users/sushilsharma/Desktop/coupon-service/src/modules/coupon-student-mappings/coupon-student-mappings.service.ts": {"path":"/Users/sushilsharma/Desktop/coupon-service/src/modules/coupon-student-mappings/coupon-student-mappings.service.ts","statementMap":{"0":{"start":{"line":1,"column":0},"end":{"line":1,"column":44}},"1":{"start":{"line":2,"column":0},"end":{"line":2,"column":86}},"2":{"start":{"line":4,"column":0},"end":{"line":4,"column":79}},"3":{"start":{"line":9,"column":7},"end":{"line":37,"column":null}},"4":{"start":{"line":11,"column":21},"end":{"line":11,"column":53}},"5":{"start":{"line":15,"column":4},"end":{"line":15,"column":93}},"6":{"start":{"line":19,"column":4},"end":{"line":19,"column":70}},"7":{"start":{"line":23,"column":4},"end":{"line":23,"column":66}},"8":{"start":{"line":27,"column":4},"end":{"line":27,"column":71}},"9":{"start":{"line":31,"column":18},"end":{"line":31,"column":20}},"10":{"start":{"line":32,"column":4},"end":{"line":34,"column":7}},"11":{"start":{"line":33,"column":8},"end":{"line":33,"column":54}},"12":{"start":{"line":35,"column":4},"end":{"line":35,"column":73}},"13":{"start":{"line":9,"column":13},"end":{"line":37,"column":null}},"14":{"start":{"line":9,"column":13},"end":{"line":9,"column":41}}},"fnMap":{"0":{"name":"(anonymous_2)","decl":{"start":{"line":10,"column":2},"end":{"line":10,"column":null}},"loc":{"start":{"line":11,"column":83},"end":{"line":12,"column":6}}},"1":{"name":"(anonymous_3)","decl":{"start":{"line":14,"column":2},"end":{"line":14,"column":7}},"loc":{"start":{"line":14,"column":64},"end":{"line":16,"column":3}}},"2":{"name":"(anonymous_4)","decl":{"start":{"line":18,"column":2},"end":{"line":18,"column":7}},"loc":{"start":{"line":18,"column":69},"end":{"line":20,"column":3}}},"3":{"name":"(anonymous_5)","decl":{"start":{"line":22,"column":2},"end":{"line":22,"column":7}},"loc":{"start":{"line":22,"column":77},"end":{"line":24,"column":3}}},"4":{"name":"(anonymous_6)","decl":{"start":{"line":26,"column":2},"end":{"line":26,"column":7}},"loc":{"start":{"line":26,"column":82},"end":{"line":28,"column":3}}},"5":{"name":"(anonymous_7)","decl":{"start":{"line":30,"column":2},"end":{"line":30,"column":7}},"loc":{"start":{"line":30,"column":74},"end":{"line":36,"column":3}}},"6":{"name":"(anonymous_8)","decl":{"start":{"line":32,"column":21},"end":{"line":32,"column":25}},"loc":{"start":{"line":32,"column":28},"end":{"line":34,"column":5}}}},"branchMap":{},"s":{"0":5,"1":5,"2":5,"3":5,"4":0,"5":0,"6":0,"7":0,"8":0,"9":0,"10":0,"11":0,"12":0,"13":5,"14":5},"f":{"0":0,"1":0,"2":0,"3":0,"4":0,"5":0,"6":0},"b":{}}
,"/Users/sushilsharma/Desktop/coupon-service/src/modules/coupon-student-mappings/admin/admin-coupon-student-mapppings.controller.ts": {"path":"/Users/sushilsharma/Desktop/coupon-service/src/modules/coupon-student-mappings/admin/admin-coupon-student-mapppings.controller.ts","statementMap":{"0":{"start":{"line":1,"column":0},"end":{"line":1,"column":44}},"1":{"start":{"line":2,"column":0},"end":{"line":2,"column":82}},"2":{"start":{"line":5,"column":7},"end":{"line":9,"column":null}},"3":{"start":{"line":7,"column":25},"end":{"line":7,"column":54}},"4":{"start":{"line":5,"column":13},"end":{"line":9,"column":null}},"5":{"start":{"line":5,"column":13},"end":{"line":5,"column":49}}},"fnMap":{"0":{"name":"(anonymous_2)","decl":{"start":{"line":6,"column":4},"end":{"line":6,"column":null}},"loc":{"start":{"line":7,"column":82},"end":{"line":8,"column":8}}}},"branchMap":{},"s":{"0":0,"1":0,"2":0,"3":0,"4":0,"5":0},"f":{"0":0},"b":{}}
,"/Users/sushilsharma/Desktop/coupon-service/src/modules/coupon-student-mappings/cache/coupon-student-mapping.cache.ts": {"path":"/Users/sushilsharma/Desktop/coupon-service/src/modules/coupon-student-mappings/cache/coupon-student-mapping.cache.ts","statementMap":{"0":{"start":{"line":1,"column":0},"end":{"line":1,"column":44}},"1":{"start":{"line":2,"column":0},"end":{"line":2,"column":47}},"2":{"start":{"line":4,"column":0},"end":{"line":4,"column":69}},"3":{"start":{"line":9,"column":7},"end":{"line":37,"column":null}},"4":{"start":{"line":14,"column":25},"end":{"line":14,"column":39}},"5":{"start":{"line":15,"column":25},"end":{"line":15,"column":33}},"6":{"start":{"line":10,"column":12},"end":{"line":10,"column":56}},"7":{"start":{"line":11,"column":12},"end":{"line":11,"column":null}},"8":{"start":{"line":19,"column":8},"end":{"line":19,"column":72}},"9":{"start":{"line":23,"column":8},"end":{"line":23,"column":75}},"10":{"start":{"line":27,"column":8},"end":{"line":31,"column":10}},"11":{"start":{"line":35,"column":8},"end":{"line":35,"column":75}},"12":{"start":{"line":9,"column":13},"end":{"line":37,"column":null}},"13":{"start":{"line":9,"column":13},"end":{"line":9,"column":38}}},"fnMap":{"0":{"name":"(anonymous_2)","decl":{"start":{"line":13,"column":4},"end":{"line":13,"column":null}},"loc":{"start":{"line":15,"column":46},"end":{"line":16,"column":9}}},"1":{"name":"(anonymous_3)","decl":{"start":{"line":18,"column":4},"end":{"line":18,"column":10}},"loc":{"start":{"line":18,"column":25},"end":{"line":20,"column":5}}},"2":{"name":"(anonymous_4)","decl":{"start":{"line":22,"column":4},"end":{"line":22,"column":9}},"loc":{"start":{"line":22,"column":65},"end":{"line":24,"column":5}}},"3":{"name":"(anonymous_5)","decl":{"start":{"line":26,"column":4},"end":{"line":26,"column":9}},"loc":{"start":{"line":26,"column":89},"end":{"line":32,"column":5}}},"4":{"name":"(anonymous_6)","decl":{"start":{"line":34,"column":4},"end":{"line":34,"column":9}},"loc":{"start":{"line":34,"column":68},"end":{"line":36,"column":5}}}},"branchMap":{},"s":{"0":5,"1":5,"2":5,"3":5,"4":0,"5":0,"6":0,"7":0,"8":0,"9":0,"10":0,"11":0,"12":5,"13":5},"f":{"0":0,"1":0,"2":0,"3":0,"4":0},"b":{}}
,"/Users/sushilsharma/Desktop/coupon-service/src/modules/coupon-student-mappings/dto/coupon-student-mapping.dto.ts": {"path":"/Users/sushilsharma/Desktop/coupon-service/src/modules/coupon-student-mappings/dto/coupon-student-mapping.dto.ts","statementMap":{"0":{"start":{"line":1,"column":0},"end":{"line":1,"column":86}},"1":{"start":{"line":2,"column":0},"end":{"line":2,"column":33}},"2":{"start":{"line":3,"column":0},"end":{"line":3,"column":79}},"3":{"start":{"line":34,"column":8},"end":{"line":34,"column":46}},"4":{"start":{"line":34,"column":21},"end":{"line":34,"column":46}},"5":{"start":{"line":35,"column":8},"end":{"line":35,"column":40}},"6":{"start":{"line":35,"column":19},"end":{"line":35,"column":40}},"7":{"start":{"line":36,"column":8},"end":{"line":36,"column":40}},"8":{"start":{"line":36,"column":19},"end":{"line":36,"column":40}},"9":{"start":{"line":37,"column":8},"end":{"line":37,"column":34}},"10":{"start":{"line":37,"column":17},"end":{"line":37,"column":34}},"11":{"start":{"line":38,"column":8},"end":{"line":38,"column":55}},"12":{"start":{"line":38,"column":24},"end":{"line":38,"column":55}},"13":{"start":{"line":39,"column":8},"end":{"line":39,"column":20}},"14":{"start":{"line":7,"column":4},"end":{"line":9,"column":null}},"15":{"start":{"line":11,"column":4},"end":{"line":13,"column":null}},"16":{"start":{"line":15,"column":4},"end":{"line":17,"column":null}},"17":{"start":{"line":19,"column":4},"end":{"line":21,"column":null}},"18":{"start":{"line":23,"column":4},"end":{"line":25,"column":null}},"19":{"start":{"line":5,"column":0},"end":{"line":5,"column":13}}},"fnMap":{"0":{"name":"(anonymous_2)","decl":{"start":{"line":27,"column":4},"end":{"line":27,"column":null}},"loc":{"start":{"line":32,"column":28},"end":{"line":40,"column":5}}}},"branchMap":{"0":{"loc":{"start":{"line":34,"column":8},"end":{"line":34,"column":46}},"type":"if","locations":[{"start":{"line":34,"column":8},"end":{"line":34,"column":46}}]},"1":{"loc":{"start":{"line":35,"column":8},"end":{"line":35,"column":40}},"type":"if","locations":[{"start":{"line":35,"column":8},"end":{"line":35,"column":40}}]},"2":{"loc":{"start":{"line":36,"column":8},"end":{"line":36,"column":40}},"type":"if","locations":[{"start":{"line":36,"column":8},"end":{"line":36,"column":40}}]},"3":{"loc":{"start":{"line":37,"column":8},"end":{"line":37,"column":34}},"type":"if","locations":[{"start":{"line":37,"column":8},"end":{"line":37,"column":34}}]},"4":{"loc":{"start":{"line":38,"column":8},"end":{"line":38,"column":55}},"type":"if","locations":[{"start":{"line":38,"column":8},"end":{"line":38,"column":55}}]}},"s":{"0":4,"1":4,"2":4,"3":0,"4":0,"5":0,"6":0,"7":0,"8":0,"9":0,"10":0,"11":0,"12":0,"13":0,"14":4,"15":4,"16":4,"17":4,"18":4,"19":4},"f":{"0":0},"b":{"0":[0],"1":[0],"2":[0],"3":[0],"4":[0]}}
,"/Users/sushilsharma/Desktop/coupon-service/src/modules/coupon-student-mappings/schema/coupon-student-mapping.schema.ts": {"path":"/Users/sushilsharma/Desktop/coupon-service/src/modules/coupon-student-mappings/schema/coupon-student-mapping.schema.ts","statementMap":{"0":{"start":{"line":1,"column":0},"end":{"line":1,"column":63}},"1":{"start":{"line":2,"column":0},"end":{"line":2,"column":46}},"2":{"start":{"line":3,"column":0},"end":{"line":3,"column":73}},"3":{"start":{"line":4,"column":0},"end":{"line":4,"column":79}},"4":{"start":{"line":8,"column":7},"end":{"line":51,"column":null}},"5":{"start":{"line":47,"column":8},"end":{"line":47,"column":16}},"6":{"start":{"line":48,"column":8},"end":{"line":48,"column":43}},"7":{"start":{"line":48,"column":17},"end":{"line":48,"column":43}},"8":{"start":{"line":49,"column":8},"end":{"line":49,"column":20}},"9":{"start":{"line":12,"column":4},"end":{"line":17,"column":null}},"10":{"start":{"line":19,"column":4},"end":{"line":24,"column":null}},"11":{"start":{"line":26,"column":4},"end":{"line":32,"column":null}},"12":{"start":{"line":34,"column":4},"end":{"line":37,"column":null}},"13":{"start":{"line":39,"column":4},"end":{"line":44,"column":null}},"14":{"start":{"line":8,"column":13},"end":{"line":51,"column":null}},"15":{"start":{"line":8,"column":13},"end":{"line":8,"column":34}},"16":{"start":{"line":53,"column":13},"end":{"line":53,"column":95}}},"fnMap":{"0":{"name":"(anonymous_2)","decl":{"start":{"line":46,"column":4},"end":{"line":46,"column":16}},"loc":{"start":{"line":46,"column":26},"end":{"line":50,"column":5}}}},"branchMap":{"0":{"loc":{"start":{"line":48,"column":8},"end":{"line":48,"column":43}},"type":"if","locations":[{"start":{"line":48,"column":8},"end":{"line":48,"column":43}}]}},"s":{"0":5,"1":5,"2":5,"3":5,"4":5,"5":0,"6":0,"7":0,"8":0,"9":5,"10":5,"11":5,"12":5,"13":5,"14":5,"15":5,"16":5},"f":{"0":0},"b":{"0":[0]}}
,"/Users/sushilsharma/Desktop/coupon-service/src/modules/coupon-student-mappings/v1/v1-coupon-student-mappings.controller.ts": {"path":"/Users/sushilsharma/Desktop/coupon-service/src/modules/coupon-student-mappings/v1/v1-coupon-student-mappings.controller.ts","statementMap":{"0":{"start":{"line":1,"column":0},"end":{"line":1,"column":44}},"1":{"start":{"line":2,"column":0},"end":{"line":2,"column":82}},"2":{"start":{"line":5,"column":7},"end":{"line":9,"column":null}},"3":{"start":{"line":7,"column":25},"end":{"line":7,"column":54}},"4":{"start":{"line":5,"column":13},"end":{"line":9,"column":null}},"5":{"start":{"line":5,"column":13},"end":{"line":5,"column":46}}},"fnMap":{"0":{"name":"(anonymous_2)","decl":{"start":{"line":6,"column":4},"end":{"line":6,"column":null}},"loc":{"start":{"line":7,"column":82},"end":{"line":8,"column":8}}}},"branchMap":{},"s":{"0":0,"1":0,"2":0,"3":0,"4":0,"5":0},"f":{"0":0},"b":{}}
,"/Users/sushilsharma/Desktop/coupon-service/src/modules/coupons/coupons.module.ts": {"path":"/Users/sushilsharma/Desktop/coupon-service/src/modules/coupons/coupons.module.ts","statementMap":{"0":{"start":{"line":1,"column":0},"end":{"line":1,"column":40}},"1":{"start":{"line":2,"column":0},"end":{"line":2,"column":62}},"2":{"start":{"line":3,"column":0},"end":{"line":3,"column":85}},"3":{"start":{"line":4,"column":0},"end":{"line":4,"column":74}},"4":{"start":{"line":5,"column":0},"end":{"line":5,"column":53}},"5":{"start":{"line":6,"column":0},"end":{"line":6,"column":57}},"6":{"start":{"line":7,"column":0},"end":{"line":7,"column":51}},"7":{"start":{"line":8,"column":0},"end":{"line":8,"column":65}},"8":{"start":{"line":9,"column":0},"end":{"line":9,"column":65}},"9":{"start":{"line":10,"column":0},"end":{"line":10,"column":64}},"10":{"start":{"line":11,"column":0},"end":{"line":11,"column":104}},"11":{"start":{"line":12,"column":0},"end":{"line":12,"column":80}},"12":{"start":{"line":29,"column":7},"end":{"line":29,"column":null}},"13":{"start":{"line":29,"column":13},"end":{"line":29,"column":null}},"14":{"start":{"line":29,"column":13},"end":{"line":29,"column":26}}},"fnMap":{},"branchMap":{},"s":{"0":0,"1":0,"2":0,"3":0,"4":0,"5":0,"6":0,"7":0,"8":0,"9":0,"10":0,"11":0,"12":0,"13":0,"14":0},"f":{},"b":{}}
,"/Users/sushilsharma/Desktop/coupon-service/src/modules/coupons/coupons.repository.ts": {"path":"/Users/sushilsharma/Desktop/coupon-service/src/modules/coupons/coupons.repository.ts","statementMap":{"0":{"start":{"line":1,"column":0},"end":{"line":1,"column":52}},"1":{"start":{"line":4,"column":0},"end":{"line":4,"column":53}},"2":{"start":{"line":5,"column":0},"end":{"line":5,"column":50}},"3":{"start":{"line":9,"column":7},"end":{"line":71,"column":null}},"4":{"start":{"line":12,"column":25},"end":{"line":12,"column":61}},"5":{"start":{"line":13,"column":25},"end":{"line":13,"column":39}},"6":{"start":{"line":17,"column":8},"end":{"line":17,"column":55}},"7":{"start":{"line":21,"column":25},"end":{"line":21,"column":75}},"8":{"start":{"line":22,"column":8},"end":{"line":22,"column":61}},"9":{"start":{"line":23,"column":8},"end":{"line":23,"column":24}},"10":{"start":{"line":27,"column":8},"end":{"line":27,"column":51}},"11":{"start":{"line":31,"column":24},"end":{"line":31,"column":41}},"12":{"start":{"line":32,"column":8},"end":{"line":32,"column":54}},"13":{"start":{"line":37,"column":26},"end":{"line":37,"column":53}},"14":{"start":{"line":38,"column":27},"end":{"line":38,"column":29}},"15":{"start":{"line":40,"column":25},"end":{"line":40,"column":76}},"16":{"start":{"line":42,"column":8},"end":{"line":42,"column":125}},"17":{"start":{"line":42,"column":24},"end":{"line":42,"column":125}},"18":{"start":{"line":42,"column":62},"end":{"line":42,"column":123}},"19":{"start":{"line":42,"column":88},"end":{"line":42,"column":109}},"20":{"start":{"line":44,"column":8},"end":{"line":44,"column":57}},"21":{"start":{"line":44,"column":39},"end":{"line":44,"column":57}},"22":{"start":{"line":46,"column":8},"end":{"line":46,"column":51}},"23":{"start":{"line":48,"column":28},"end":{"line":48,"column":63}},"24":{"start":{"line":49,"column":8},"end":{"line":49,"column":75}},"25":{"start":{"line":49,"column":57},"end":{"line":49,"column":75}},"26":{"start":{"line":51,"column":8},"end":{"line":51,"column":65}},"27":{"start":{"line":52,"column":8},"end":{"line":52,"column":48}},"28":{"start":{"line":57,"column":8},"end":{"line":69,"column":null}},"29":{"start":{"line":58,"column":12},"end":{"line":58,"column":59}},"30":{"start":{"line":61,"column":29},"end":{"line":61,"column":63}},"31":{"start":{"line":62,"column":25},"end":{"line":62,"column":76}},"32":{"start":{"line":64,"column":12},"end":{"line":64,"column":38}},"33":{"start":{"line":64,"column":24},"end":{"line":64,"column":38}},"34":{"start":{"line":66,"column":12},"end":{"line":66,"column":61}},"35":{"start":{"line":67,"column":12},"end":{"line":67,"column":65}},"36":{"start":{"line":68,"column":12},"end":{"line":68,"column":26}},"37":{"start":{"line":9,"column":13},"end":{"line":71,"column":null}},"38":{"start":{"line":9,"column":13},"end":{"line":9,"column":30}}},"fnMap":{"0":{"name":"(anonymous_4)","decl":{"start":{"line":10,"column":4},"end":{"line":10,"column":null}},"loc":{"start":{"line":13,"column":51},"end":{"line":14,"column":8}}},"1":{"name":"(anonymous_5)","decl":{"start":{"line":16,"column":4},"end":{"line":16,"column":9}},"loc":{"start":{"line":16,"column":42},"end":{"line":18,"column":5}}},"2":{"name":"(anonymous_6)","decl":{"start":{"line":20,"column":4},"end":{"line":20,"column":9}},"loc":{"start":{"line":20,"column":74},"end":{"line":24,"column":5}}},"3":{"name":"(anonymous_7)","decl":{"start":{"line":26,"column":4},"end":{"line":26,"column":9}},"loc":{"start":{"line":26,"column":38},"end":{"line":28,"column":5}}},"4":{"name":"(anonymous_8)","decl":{"start":{"line":30,"column":4},"end":{"line":30,"column":9}},"loc":{"start":{"line":30,"column":71},"end":{"line":33,"column":5}}},"5":{"name":"(anonymous_9)","decl":{"start":{"line":35,"column":4},"end":{"line":35,"column":9}},"loc":{"start":{"line":35,"column":43},"end":{"line":53,"column":5}}},"6":{"name":"(anonymous_10)","decl":{"start":{"line":42,"column":56},"end":{"line":42,"column":58}},"loc":{"start":{"line":42,"column":62},"end":{"line":42,"column":123}}},"7":{"name":"(anonymous_11)","decl":{"start":{"line":42,"column":78},"end":{"line":42,"column":84}},"loc":{"start":{"line":42,"column":88},"end":{"line":42,"column":109}}},"8":{"name":"(anonymous_12)","decl":{"start":{"line":55,"column":4},"end":{"line":55,"column":9}},"loc":{"start":{"line":55,"column":51},"end":{"line":70,"column":5}}}},"branchMap":{"0":{"loc":{"start":{"line":42,"column":8},"end":{"line":42,"column":125}},"type":"if","locations":[{"start":{"line":42,"column":8},"end":{"line":42,"column":125}}]},"1":{"loc":{"start":{"line":44,"column":8},"end":{"line":44,"column":57}},"type":"if","locations":[{"start":{"line":44,"column":8},"end":{"line":44,"column":57}}]},"2":{"loc":{"start":{"line":49,"column":8},"end":{"line":49,"column":75}},"type":"if","locations":[{"start":{"line":49,"column":8},"end":{"line":49,"column":75}}]},"3":{"loc":{"start":{"line":49,"column":12},"end":{"line":49,"column":55}},"type":"binary-expr","locations":[{"start":{"line":49,"column":12},"end":{"line":49,"column":25}},{"start":{"line":49,"column":29},"end":{"line":49,"column":55}}]},"4":{"loc":{"start":{"line":57,"column":8},"end":{"line":69,"column":null}},"type":"if","locations":[{"start":{"line":57,"column":8},"end":{"line":69,"column":null}},{"start":{"line":60,"column":13},"end":{"line":69,"column":null}}]},"5":{"loc":{"start":{"line":64,"column":12},"end":{"line":64,"column":38}},"type":"if","locations":[{"start":{"line":64,"column":12},"end":{"line":64,"column":38}}]}},"s":{"0":5,"1":5,"2":5,"3":5,"4":15,"5":15,"6":2,"7":2,"8":2,"9":2,"10":2,"11":0,"12":0,"13":4,"14":4,"15":4,"16":4,"17":3,"18":6,"19":6,"20":4,"21":2,"22":2,"23":2,"24":2,"25":0,"26":2,"27":2,"28":4,"29":1,"30":3,"31":3,"32":3,"33":1,"34":2,"35":2,"36":2,"37":5,"38":5},"f":{"0":15,"1":2,"2":2,"3":2,"4":0,"5":4,"6":6,"7":6,"8":4},"b":{"0":[3],"1":[2],"2":[0],"3":[2,2],"4":[1,3],"5":[1]}}
,"/Users/sushilsharma/Desktop/coupon-service/src/modules/coupons/coupons.service.ts": {"path":"/Users/sushilsharma/Desktop/coupon-service/src/modules/coupons/coupons.service.ts","statementMap":{"0":{"start":{"line":1,"column":0},"end":{"line":1,"column":77}},"1":{"start":{"line":2,"column":0},"end":{"line":2,"column":33}},"2":{"start":{"line":5,"column":0},"end":{"line":5,"column":59}},"3":{"start":{"line":6,"column":0},"end":{"line":6,"column":121}},"4":{"start":{"line":7,"column":0},"end":{"line":7,"column":57}},"5":{"start":{"line":8,"column":0},"end":{"line":8,"column":203}},"6":{"start":{"line":9,"column":0},"end":{"line":9,"column":56}},"7":{"start":{"line":10,"column":0},"end":{"line":10,"column":54}},"8":{"start":{"line":12,"column":0},"end":{"line":12,"column":68}},"9":{"start":{"line":14,"column":0},"end":{"line":14,"column":106}},"10":{"start":{"line":15,"column":0},"end":{"line":15,"column":100}},"11":{"start":{"line":16,"column":0},"end":{"line":16,"column":77}},"12":{"start":{"line":18,"column":0},"end":{"line":18,"column":77}},"13":{"start":{"line":19,"column":0},"end":{"line":19,"column":28}},"14":{"start":{"line":20,"column":0},"end":{"line":20,"column":81}},"15":{"start":{"line":21,"column":0},"end":{"line":21,"column":80}},"16":{"start":{"line":24,"column":7},"end":{"line":635,"column":null}},"17":{"start":{"line":26,"column":21},"end":{"line":26,"column":40}},"18":{"start":{"line":27,"column":21},"end":{"line":27,"column":37}},"19":{"start":{"line":28,"column":21},"end":{"line":28,"column":50}},"20":{"start":{"line":29,"column":21},"end":{"line":29,"column":42}},"21":{"start":{"line":30,"column":21},"end":{"line":30,"column":42}},"22":{"start":{"line":31,"column":21},"end":{"line":31,"column":44}},"23":{"start":{"line":32,"column":21},"end":{"line":32,"column":43}},"24":{"start":{"line":36,"column":43},"end":{"line":36,"column":85}},"25":{"start":{"line":39,"column":4},"end":{"line":46,"column":8}},"26":{"start":{"line":40,"column":6},"end":{"line":46,"column":8}},"27":{"start":{"line":48,"column":4},"end":{"line":51,"column":null}},"28":{"start":{"line":48,"column":50},"end":{"line":51,"column":null}},"29":{"start":{"line":53,"column":4},"end":{"line":57,"column":null}},"30":{"start":{"line":53,"column":52},"end":{"line":57,"column":null}},"31":{"start":{"line":59,"column":25},"end":{"line":62,"column":48}},"32":{"start":{"line":64,"column":26},"end":{"line":64,"column":85}},"33":{"start":{"line":66,"column":4},"end":{"line":67,"column":115}},"34":{"start":{"line":67,"column":6},"end":{"line":67,"column":115}},"35":{"start":{"line":69,"column":4},"end":{"line":69,"column":80}},"36":{"start":{"line":74,"column":25},"end":{"line":74,"column":71}},"37":{"start":{"line":75,"column":23},"end":{"line":75,"column":82}},"38":{"start":{"line":76,"column":4},"end":{"line":76,"column":22}},"39":{"start":{"line":80,"column":4},"end":{"line":80,"column":null}},"40":{"start":{"line":84,"column":43},"end":{"line":84,"column":85}},"41":{"start":{"line":85,"column":26},"end":{"line":85,"column":47}},"42":{"start":{"line":86,"column":23},"end":{"line":86,"column":41}},"43":{"start":{"line":87,"column":25},"end":{"line":87,"column":115}},"44":{"start":{"line":89,"column":4},"end":{"line":91,"column":null}},"45":{"start":{"line":90,"column":6},"end":{"line":90,"column":67}},"46":{"start":{"line":92,"column":4},"end":{"line":94,"column":null}},"47":{"start":{"line":93,"column":6},"end":{"line":93,"column":66}},"48":{"start":{"line":100,"column":4},"end":{"line":101,"column":111}},"49":{"start":{"line":101,"column":6},"end":{"line":101,"column":111}},"50":{"start":{"line":104,"column":25},"end":{"line":107,"column":48}},"51":{"start":{"line":109,"column":26},"end":{"line":109,"column":85}},"52":{"start":{"line":111,"column":4},"end":{"line":112,"column":115}},"53":{"start":{"line":112,"column":6},"end":{"line":112,"column":115}},"54":{"start":{"line":114,"column":4},"end":{"line":115,"column":117}},"55":{"start":{"line":115,"column":6},"end":{"line":115,"column":117}},"56":{"start":{"line":117,"column":4},"end":{"line":119,"column":null}},"57":{"start":{"line":118,"column":6},"end":{"line":118,"column":95}},"58":{"start":{"line":121,"column":4},"end":{"line":121,"column":49}},"59":{"start":{"line":122,"column":4},"end":{"line":122,"column":45}},"60":{"start":{"line":123,"column":4},"end":{"line":123,"column":59}},"61":{"start":{"line":128,"column":4},"end":{"line":139,"column":6}},"62":{"start":{"line":141,"column":22},"end":{"line":141,"column":92}},"63":{"start":{"line":143,"column":23},"end":{"line":143,"column":72}},"64":{"start":{"line":144,"column":22},"end":{"line":144,"column":85}},"65":{"start":{"line":144,"column":51},"end":{"line":144,"column":84}},"66":{"start":{"line":145,"column":25},"end":{"line":145,"column":74}},"67":{"start":{"line":145,"column":54},"end":{"line":145,"column":73}},"68":{"start":{"line":147,"column":19},"end":{"line":147,"column":103}},"69":{"start":{"line":148,"column":19},"end":{"line":148,"column":21}},"70":{"start":{"line":150,"column":21},"end":{"line":150,"column":25}},"71":{"start":{"line":151,"column":16},"end":{"line":151,"column":18}},"72":{"start":{"line":152,"column":15},"end":{"line":152,"column":16}},"73":{"start":{"line":154,"column":4},"end":{"line":159,"column":null}},"74":{"start":{"line":155,"column":25},"end":{"line":155,"column":102}},"75":{"start":{"line":156,"column":6},"end":{"line":156,"column":61}},"76":{"start":{"line":156,"column":22},"end":{"line":156,"column":61}},"77":{"start":{"line":157,"column":6},"end":{"line":157,"column":68}},"78":{"start":{"line":157,"column":49},"end":{"line":157,"column":68}},"79":{"start":{"line":158,"column":6},"end":{"line":158,"column":20}},"80":{"start":{"line":161,"column":4},"end":{"line":162,"column":84}},"81":{"start":{"line":162,"column":6},"end":{"line":162,"column":84}},"82":{"start":{"line":164,"column":19},"end":{"line":164,"column":66}},"83":{"start":{"line":165,"column":25},"end":{"line":165,"column":27}},"84":{"start":{"line":166,"column":4},"end":{"line":191,"column":null}},"85":{"start":{"line":166,"column":21},"end":{"line":166,"column":22}},"86":{"start":{"line":168,"column":6},"end":{"line":172,"column":null}},"87":{"start":{"line":169,"column":8},"end":{"line":169,"column":53}},"88":{"start":{"line":171,"column":8},"end":{"line":171,"column":58}},"89":{"start":{"line":173,"column":6},"end":{"line":190,"column":null}},"90":{"start":{"line":174,"column":23},"end":{"line":174,"column":62}},"91":{"start":{"line":175,"column":31},"end":{"line":178,"column":65}},"92":{"start":{"line":180,"column":37},"end":{"line":180,"column":123}},"93":{"start":{"line":181,"column":8},"end":{"line":181,"column":43}},"94":{"start":{"line":181,"column":34},"end":{"line":181,"column":43}},"95":{"start":{"line":182,"column":28},"end":{"line":187,"column":null}},"96":{"start":{"line":189,"column":8},"end":{"line":189,"column":41}},"97":{"start":{"line":192,"column":4},"end":{"line":193,"column":90}},"98":{"start":{"line":193,"column":4},"end":{"line":193,"column":90}},"99":{"start":{"line":194,"column":4},"end":{"line":194,"column":18}},"100":{"start":{"line":198,"column":15},"end":{"line":198,"column":66}},"101":{"start":{"line":199,"column":4},"end":{"line":199,"column":71}},"102":{"start":{"line":200,"column":4},"end":{"line":200,"column":80}},"103":{"start":{"line":204,"column":43},"end":{"line":204,"column":85}},"104":{"start":{"line":205,"column":27},"end":{"line":208,"column":48}},"105":{"start":{"line":209,"column":33},"end":{"line":209,"column":127}},"106":{"start":{"line":211,"column":4},"end":{"line":212,"column":102}},"107":{"start":{"line":212,"column":6},"end":{"line":212,"column":102}},"108":{"start":{"line":214,"column":18},"end":{"line":214,"column":59}},"109":{"start":{"line":215,"column":18},"end":{"line":217,"column":6}},"110":{"start":{"line":219,"column":4},"end":{"line":221,"column":7}},"111":{"start":{"line":220,"column":6},"end":{"line":220,"column":null}},"112":{"start":{"line":223,"column":4},"end":{"line":223,"column":67}},"113":{"start":{"line":224,"column":21},"end":{"line":224,"column":89}},"114":{"start":{"line":225,"column":4},"end":{"line":225,"column":55}},"115":{"start":{"line":226,"column":4},"end":{"line":226,"column":20}},"116":{"start":{"line":232,"column":26},"end":{"line":234,"column":61}},"117":{"start":{"line":236,"column":30},"end":{"line":236,"column":128}},"118":{"start":{"line":238,"column":25},"end":{"line":238,"column":27}},"119":{"start":{"line":239,"column":20},"end":{"line":239,"column":34}},"120":{"start":{"line":241,"column":4},"end":{"line":241,"column":128}},"121":{"start":{"line":241,"column":55},"end":{"line":241,"column":128}},"122":{"start":{"line":241,"column":102},"end":{"line":241,"column":126}},"123":{"start":{"line":243,"column":26},"end":{"line":243,"column":61}},"124":{"start":{"line":248,"column":4},"end":{"line":251,"column":null}},"125":{"start":{"line":249,"column":6},"end":{"line":249,"column":37}},"126":{"start":{"line":250,"column":6},"end":{"line":250,"column":73}},"127":{"start":{"line":250,"column":40},"end":{"line":250,"column":61}},"128":{"start":{"line":253,"column":4},"end":{"line":295,"column":null}},"129":{"start":{"line":254,"column":6},"end":{"line":294,"column":null}},"130":{"start":{"line":256,"column":10},"end":{"line":256,"column":41}},"131":{"start":{"line":257,"column":10},"end":{"line":257,"column":null}},"132":{"start":{"line":258,"column":10},"end":{"line":258,"column":16}},"133":{"start":{"line":260,"column":10},"end":{"line":260,"column":45}},"134":{"start":{"line":261,"column":10},"end":{"line":261,"column":null}},"135":{"start":{"line":262,"column":10},"end":{"line":262,"column":16}},"136":{"start":{"line":264,"column":10},"end":{"line":264,"column":43}},"137":{"start":{"line":265,"column":10},"end":{"line":265,"column":null}},"138":{"start":{"line":266,"column":10},"end":{"line":266,"column":16}},"139":{"start":{"line":268,"column":10},"end":{"line":268,"column":43}},"140":{"start":{"line":269,"column":10},"end":{"line":269,"column":null}},"141":{"start":{"line":270,"column":10},"end":{"line":270,"column":16}},"142":{"start":{"line":272,"column":10},"end":{"line":272,"column":43}},"143":{"start":{"line":273,"column":10},"end":{"line":273,"column":null}},"144":{"start":{"line":274,"column":10},"end":{"line":274,"column":16}},"145":{"start":{"line":276,"column":10},"end":{"line":276,"column":43}},"146":{"start":{"line":277,"column":10},"end":{"line":277,"column":null}},"147":{"start":{"line":278,"column":10},"end":{"line":278,"column":16}},"148":{"start":{"line":280,"column":10},"end":{"line":280,"column":43}},"149":{"start":{"line":281,"column":10},"end":{"line":281,"column":null}},"150":{"start":{"line":282,"column":10},"end":{"line":282,"column":16}},"151":{"start":{"line":284,"column":10},"end":{"line":284,"column":40}},"152":{"start":{"line":285,"column":10},"end":{"line":285,"column":null}},"153":{"start":{"line":286,"column":10},"end":{"line":286,"column":16}},"154":{"start":{"line":288,"column":10},"end":{"line":288,"column":40}},"155":{"start":{"line":289,"column":10},"end":{"line":289,"column":null}},"156":{"start":{"line":290,"column":10},"end":{"line":290,"column":16}},"157":{"start":{"line":292,"column":8},"end":{"line":292,"column":null}},"158":{"start":{"line":293,"column":8},"end":{"line":293,"column":14}},"159":{"start":{"line":297,"column":25},"end":{"line":297,"column":69}},"160":{"start":{"line":299,"column":35},"end":{"line":305,"column":51}},"161":{"start":{"line":307,"column":35},"end":{"line":313,"column":51}},"162":{"start":{"line":315,"column":31},"end":{"line":321,"column":51}},"163":{"start":{"line":323,"column":19},"end":{"line":327,"column":6}},"164":{"start":{"line":329,"column":33},"end":{"line":329,"column":44}},"165":{"start":{"line":330,"column":33},"end":{"line":330,"column":44}},"166":{"start":{"line":331,"column":29},"end":{"line":331,"column":40}},"167":{"start":{"line":333,"column":24},"end":{"line":333,"column":127}},"168":{"start":{"line":335,"column":4},"end":{"line":335,"column":79}},"169":{"start":{"line":337,"column":4},"end":{"line":337,"column":105}},"170":{"start":{"line":337,"column":51},"end":{"line":337,"column":103}},"171":{"start":{"line":339,"column":29},"end":{"line":339,"column":70}},"172":{"start":{"line":341,"column":23},"end":{"line":341,"column":78}},"173":{"start":{"line":343,"column":23},"end":{"line":343,"column":58}},"174":{"start":{"line":345,"column":24},"end":{"line":348,"column":null}},"175":{"start":{"line":350,"column":4},"end":{"line":350,"column":25}},"176":{"start":{"line":354,"column":28},"end":{"line":354,"column":30}},"177":{"start":{"line":355,"column":25},"end":{"line":355,"column":27}},"178":{"start":{"line":357,"column":21},"end":{"line":357,"column":25}},"179":{"start":{"line":358,"column":16},"end":{"line":358,"column":18}},"180":{"start":{"line":359,"column":15},"end":{"line":359,"column":16}},"181":{"start":{"line":361,"column":4},"end":{"line":370,"column":6}},"182":{"start":{"line":362,"column":25},"end":{"line":362,"column":27}},"183":{"start":{"line":364,"column":6},"end":{"line":364,"column":165}},"184":{"start":{"line":364,"column":44},"end":{"line":364,"column":165}},"185":{"start":{"line":365,"column":6},"end":{"line":365,"column":167}},"186":{"start":{"line":365,"column":48},"end":{"line":365,"column":167}},"187":{"start":{"line":367,"column":6},"end":{"line":367,"column":83}},"188":{"start":{"line":367,"column":24},"end":{"line":367,"column":83}},"189":{"start":{"line":368,"column":6},"end":{"line":368,"column":72}},"190":{"start":{"line":368,"column":53},"end":{"line":368,"column":72}},"191":{"start":{"line":369,"column":6},"end":{"line":369,"column":20}},"192":{"start":{"line":372,"column":4},"end":{"line":376,"column":null}},"193":{"start":{"line":373,"column":6},"end":{"line":375,"column":null}},"194":{"start":{"line":374,"column":8},"end":{"line":374,"column":57}},"195":{"start":{"line":377,"column":4},"end":{"line":377,"column":26}},"196":{"start":{"line":381,"column":28},"end":{"line":381,"column":30}},"197":{"start":{"line":382,"column":25},"end":{"line":382,"column":27}},"198":{"start":{"line":384,"column":21},"end":{"line":384,"column":25}},"199":{"start":{"line":385,"column":16},"end":{"line":385,"column":18}},"200":{"start":{"line":386,"column":15},"end":{"line":386,"column":16}},"201":{"start":{"line":388,"column":4},"end":{"line":396,"column":6}},"202":{"start":{"line":389,"column":25},"end":{"line":389,"column":27}},"203":{"start":{"line":391,"column":6},"end":{"line":391,"column":129}},"204":{"start":{"line":393,"column":6},"end":{"line":393,"column":83}},"205":{"start":{"line":393,"column":24},"end":{"line":393,"column":83}},"206":{"start":{"line":394,"column":6},"end":{"line":394,"column":72}},"207":{"start":{"line":394,"column":53},"end":{"line":394,"column":72}},"208":{"start":{"line":395,"column":6},"end":{"line":395,"column":20}},"209":{"start":{"line":398,"column":4},"end":{"line":402,"column":null}},"210":{"start":{"line":399,"column":6},"end":{"line":401,"column":null}},"211":{"start":{"line":400,"column":8},"end":{"line":400,"column":57}},"212":{"start":{"line":403,"column":4},"end":{"line":403,"column":26}},"213":{"start":{"line":407,"column":28},"end":{"line":407,"column":37}},"214":{"start":{"line":408,"column":26},"end":{"line":408,"column":28}},"215":{"start":{"line":410,"column":4},"end":{"line":415,"column":null}},"216":{"start":{"line":411,"column":6},"end":{"line":414,"column":null}},"217":{"start":{"line":412,"column":8},"end":{"line":412,"column":51}},"218":{"start":{"line":413,"column":8},"end":{"line":413,"column":35}},"219":{"start":{"line":416,"column":4},"end":{"line":416,"column":25}},"220":{"start":{"line":420,"column":4},"end":{"line":434,"column":null}},"221":{"start":{"line":421,"column":6},"end":{"line":432,"column":null}},"222":{"start":{"line":422,"column":8},"end":{"line":431,"column":null}},"223":{"start":{"line":423,"column":10},"end":{"line":423,"column":40}},"224":{"start":{"line":424,"column":10},"end":{"line":424,"column":80}},"225":{"start":{"line":425,"column":10},"end":{"line":425,"column":36}},"226":{"start":{"line":428,"column":10},"end":{"line":428,"column":41}},"227":{"start":{"line":429,"column":10},"end":{"line":429,"column":80}},"228":{"start":{"line":430,"column":10},"end":{"line":430,"column":72}},"229":{"start":{"line":433,"column":6},"end":{"line":433,"column":20}},"230":{"start":{"line":435,"column":4},"end":{"line":435,"column":22}},"231":{"start":{"line":441,"column":4},"end":{"line":448,"column":null}},"232":{"start":{"line":443,"column":8},"end":{"line":443,"column":45}},"233":{"start":{"line":444,"column":8},"end":{"line":444,"column":14}},"234":{"start":{"line":446,"column":8},"end":{"line":446,"column":null}},"235":{"start":{"line":447,"column":8},"end":{"line":447,"column":14}},"236":{"start":{"line":450,"column":4},"end":{"line":450,"column":94}},"237":{"start":{"line":450,"column":52},"end":{"line":450,"column":94}},"238":{"start":{"line":451,"column":4},"end":{"line":451,"column":26}},"239":{"start":{"line":455,"column":22},"end":{"line":455,"column":23}},"240":{"start":{"line":457,"column":4},"end":{"line":461,"column":28}},"241":{"start":{"line":458,"column":6},"end":{"line":458,"column":61}},"242":{"start":{"line":458,"column":54},"end":{"line":458,"column":61}},"243":{"start":{"line":459,"column":6},"end":{"line":459,"column":89}},"244":{"start":{"line":459,"column":50},"end":{"line":459,"column":89}},"245":{"start":{"line":460,"column":6},"end":{"line":460,"column":20}},"246":{"start":{"line":461,"column":22},"end":{"line":461,"column":26}},"247":{"start":{"line":463,"column":4},"end":{"line":463,"column":87}},"248":{"start":{"line":463,"column":45},"end":{"line":463,"column":85}},"249":{"start":{"line":465,"column":4},"end":{"line":474,"column":null}},"250":{"start":{"line":466,"column":17},"end":{"line":466,"column":40}},"251":{"start":{"line":468,"column":6},"end":{"line":471,"column":9}},"252":{"start":{"line":469,"column":8},"end":{"line":469,"column":61}},"253":{"start":{"line":469,"column":37},"end":{"line":469,"column":61}},"254":{"start":{"line":470,"column":8},"end":{"line":470,"column":22}},"255":{"start":{"line":473,"column":6},"end":{"line":473,"column":74}},"256":{"start":{"line":473,"column":47},"end":{"line":473,"column":72}},"257":{"start":{"line":476,"column":4},"end":{"line":476,"column":22}},"258":{"start":{"line":480,"column":4},"end":{"line":483,"column":6}},"259":{"start":{"line":481,"column":17},"end":{"line":482,"column":73}},"260":{"start":{"line":484,"column":4},"end":{"line":484,"column":null}},"261":{"start":{"line":484,"column":42},"end":{"line":484,"column":107}},"262":{"start":{"line":485,"column":4},"end":{"line":485,"column":22}},"263":{"start":{"line":489,"column":4},"end":{"line":489,"column":89}},"264":{"start":{"line":489,"column":45},"end":{"line":489,"column":87}},"265":{"start":{"line":490,"column":4},"end":{"line":490,"column":null}},"266":{"start":{"line":490,"column":42},"end":{"line":490,"column":107}},"267":{"start":{"line":491,"column":4},"end":{"line":491,"column":22}},"268":{"start":{"line":495,"column":43},"end":{"line":495,"column":85}},"269":{"start":{"line":496,"column":25},"end":{"line":498,"column":66}},"270":{"start":{"line":500,"column":23},"end":{"line":500,"column":82}},"271":{"start":{"line":501,"column":4},"end":{"line":503,"column":null}},"272":{"start":{"line":502,"column":6},"end":{"line":502,"column":86}},"273":{"start":{"line":504,"column":4},"end":{"line":504,"column":74}},"274":{"start":{"line":509,"column":25},"end":{"line":511,"column":101}},"275":{"start":{"line":513,"column":4},"end":{"line":518,"column":null}},"276":{"start":{"line":514,"column":6},"end":{"line":514,"column":null}},"277":{"start":{"line":517,"column":6},"end":{"line":517,"column":55}},"278":{"start":{"line":520,"column":19},"end":{"line":520,"column":87}},"279":{"start":{"line":522,"column":4},"end":{"line":522,"column":98}},"280":{"start":{"line":522,"column":17},"end":{"line":522,"column":98}},"281":{"start":{"line":523,"column":4},"end":{"line":523,"column":46}},"282":{"start":{"line":525,"column":4},"end":{"line":538,"column":null}},"283":{"start":{"line":526,"column":6},"end":{"line":526,"column":122}},"284":{"start":{"line":526,"column":39},"end":{"line":526,"column":122}},"285":{"start":{"line":527,"column":6},"end":{"line":527,"column":120}},"286":{"start":{"line":527,"column":41},"end":{"line":527,"column":120}},"287":{"start":{"line":529,"column":6},"end":{"line":530,"column":167}},"288":{"start":{"line":530,"column":8},"end":{"line":530,"column":167}},"289":{"start":{"line":532,"column":6},"end":{"line":537,"column":8}},"290":{"start":{"line":540,"column":4},"end":{"line":547,"column":null}},"291":{"start":{"line":542,"column":6},"end":{"line":543,"column":114}},"292":{"start":{"line":543,"column":8},"end":{"line":543,"column":114}},"293":{"start":{"line":545,"column":25},"end":{"line":545,"column":75}},"294":{"start":{"line":546,"column":6},"end":{"line":546,"column":131}},"295":{"start":{"line":546,"column":25},"end":{"line":546,"column":131}},"296":{"start":{"line":549,"column":4},"end":{"line":557,"column":null}},"297":{"start":{"line":550,"column":25},"end":{"line":550,"column":30}},"298":{"start":{"line":552,"column":6},"end":{"line":554,"column":null}},"299":{"start":{"line":553,"column":8},"end":{"line":553,"column":73}},"300":{"start":{"line":553,"column":53},"end":{"line":553,"column":73}},"301":{"start":{"line":556,"column":6},"end":{"line":556,"column":131}},"302":{"start":{"line":556,"column":25},"end":{"line":556,"column":131}},"303":{"start":{"line":559,"column":4},"end":{"line":575,"column":null}},"304":{"start":{"line":562,"column":6},"end":{"line":562,"column":null}},"305":{"start":{"line":562,"column":42},"end":{"line":562,"column":null}},"306":{"start":{"line":564,"column":27},"end":{"line":564,"column":29}},"307":{"start":{"line":566,"column":6},"end":{"line":571,"column":null}},"308":{"start":{"line":567,"column":9},"end":{"line":567,"column":90}},"309":{"start":{"line":570,"column":8},"end":{"line":570,"column":72}},"310":{"start":{"line":573,"column":25},"end":{"line":573,"column":82}},"311":{"start":{"line":574,"column":6},"end":{"line":574,"column":131}},"312":{"start":{"line":574,"column":25},"end":{"line":574,"column":131}},"313":{"start":{"line":577,"column":4},"end":{"line":580,"column":null}},"314":{"start":{"line":578,"column":25},"end":{"line":578,"column":75}},"315":{"start":{"line":579,"column":6},"end":{"line":579,"column":131}},"316":{"start":{"line":579,"column":25},"end":{"line":579,"column":131}},"317":{"start":{"line":582,"column":4},"end":{"line":584,"column":null}},"318":{"start":{"line":583,"column":6},"end":{"line":583,"column":109}},"319":{"start":{"line":586,"column":4},"end":{"line":596,"column":null}},"320":{"start":{"line":588,"column":26},"end":{"line":591,"column":63}},"321":{"start":{"line":593,"column":20},"end":{"line":593,"column":105}},"322":{"start":{"line":595,"column":6},"end":{"line":595,"column":143}},"323":{"start":{"line":595,"column":20},"end":{"line":595,"column":143}},"324":{"start":{"line":598,"column":4},"end":{"line":598,"column":120}},"325":{"start":{"line":598,"column":37},"end":{"line":598,"column":120}},"326":{"start":{"line":599,"column":4},"end":{"line":599,"column":118}},"327":{"start":{"line":599,"column":39},"end":{"line":599,"column":118}},"328":{"start":{"line":600,"column":4},"end":{"line":600,"column":133}},"329":{"start":{"line":600,"column":47},"end":{"line":600,"column":133}},"330":{"start":{"line":602,"column":21},"end":{"line":602,"column":125}},"331":{"start":{"line":604,"column":4},"end":{"li
[...]
0}},"194":{"start":{"line":468,"column":0},"end":{"line":468,"column":13}},"195":{"start":{"line":509,"column":8},"end":{"line":509,"column":55}},"196":{"start":{"line":509,"column":24},"end":{"line":509,"column":55}},"197":{"start":{"line":510,"column":8},"end":{"line":510,"column":null}},"198":{"start":{"line":510,"column":28},"end":{"line":510,"column":null}},"199":{"start":{"line":511,"column":8},"end":{"line":511,"column":null}},"200":{"start":{"line":511,"column":21},"end":{"line":511,"column":null}},"201":{"start":{"line":492,"column":4},"end":{"line":494,"column":null}},"202":{"start":{"line":496,"column":4},"end":{"line":498,"column":null}},"203":{"start":{"line":500,"column":4},"end":{"line":502,"column":null}},"204":{"start":{"line":490,"column":0},"end":{"line":490,"column":13}}},"fnMap":{"0":{"name":"(anonymous_2)","decl":{"start":{"line":111,"column":10},"end":{"line":111,"column":13}},"loc":{"start":{"line":111,"column":16},"end":{"line":111,"column":30}}},"1":{"name":"(anonymous_3)","decl":{"start":{"line":133,"column":4},"end":{"line":133,"column":null}},"loc":{"start":{"line":135,"column":31},"end":{"line":139,"column":5}}},"2":{"name":"(anonymous_4)","decl":{"start":{"line":163,"column":4},"end":{"line":163,"column":null}},"loc":{"start":{"line":168,"column":31},"end":{"line":175,"column":5}}},"3":{"name":"(anonymous_5)","decl":{"start":{"line":220,"column":4},"end":{"line":220,"column":null}},"loc":{"start":{"line":230,"column":33},"end":{"line":242,"column":5}}},"4":{"name":"(anonymous_6)","decl":{"start":{"line":339,"column":4},"end":{"line":339,"column":null}},"loc":{"start":{"line":362,"column":28},"end":{"line":387,"column":5}}},"5":{"name":"(anonymous_7)","decl":{"start":{"line":324,"column":10},"end":{"line":324,"column":13}},"loc":{"start":{"line":324,"column":16},"end":{"line":324,"column":30}}},"6":{"name":"(anonymous_8)","decl":{"start":{"line":406,"column":10},"end":{"line":406,"column":13}},"loc":{"start":{"line":406,"column":16},"end":{"line":406,"column":26}}},"7":{"name":"(anonymous_9)","decl":{"start":{"line":410,"column":15},"end":{"line":410,"column":16}},"loc":{"start":{"line":410,"column":28},"end":{"line":410,"column":58}}},"8":{"name":"(anonymous_10)","decl":{"start":{"line":421,"column":4},"end":{"line":421,"column":null}},"loc":{"start":{"line":424,"column":27},"end":{"line":430,"column":5}}},"9":{"name":"(anonymous_11)","decl":{"start":{"line":451,"column":15},"end":{"line":451,"column":16}},"loc":{"start":{"line":451,"column":49},"end":{"line":451,"column":79}}},"10":{"name":"(anonymous_12)","decl":{"start":{"line":464,"column":15},"end":{"line":464,"column":16}},"loc":{"start":{"line":464,"column":30},"end":{"line":464,"column":61}}},"11":{"name":"(anonymous_13)","decl":{"start":{"line":475,"column":4},"end":{"line":475,"column":null}},"loc":{"start":{"line":479,"column":27},"end":{"line":487,"column":5}}},"12":{"name":"(anonymous_14)","decl":{"start":{"line":504,"column":4},"end":{"line":504,"column":null}},"loc":{"start":{"line":507,"column":24},"end":{"line":512,"column":5}}}},"branchMap":{"0":{"loc":{"start":{"line":137,"column":8},"end":{"line":137,"column":55}},"type":"if","locations":[{"start":{"line":137,"column":8},"end":{"line":137,"column":55}}]},"1":{"loc":{"start":{"line":138,"column":8},"end":{"line":138,"column":null}},"type":"if","locations":[{"start":{"line":138,"column":8},"end":{"line":138,"column":null}}]},"2":{"loc":{"start":{"line":170,"column":8},"end":{"line":170,"column":55}},"type":"if","locations":[{"start":{"line":170,"column":8},"end":{"line":170,"column":55}}]},"3":{"loc":{"start":{"line":171,"column":8},"end":{"line":171,"column":46}},"type":"if","locations":[{"start":{"line":171,"column":8},"end":{"line":171,"column":46}}]},"4":{"loc":{"start":{"line":172,"column":8},"end":{"line":172,"column":49}},"type":"if","locations":[{"start":{"line":172,"column":8},"end":{"line":172,"column":49}}]},"5":{"loc":{"start":{"line":173,"column":8},"end":{"line":173,"column":43}},"type":"if","locations":[{"start":{"line":173,"column":8},"end":{"line":173,"column":43}}]},"6":{"loc":{"start":{"line":174,"column":8},"end":{"line":174,"column":67}},"type":"if","locations":[{"start":{"line":174,"column":8},"end":{"line":174,"column":67}}]},"7":{"loc":{"start":{"line":232,"column":8},"end":{"line":232,"column":55}},"type":"if","locations":[{"start":{"line":232,"column":8},"end":{"line":232,"column":55}}]},"8":{"loc":{"start":{"line":233,"column":8},"end":{"line":233,"column":67}},"type":"if","locations":[{"start":{"line":233,"column":8},"end":{"line":233,"column":67}}]},"9":{"loc":{"start":{"line":234,"column":8},"end":{"line":234,"column":34}},"type":"if","locations":[{"start":{"line":234,"column":8},"end":{"line":234,"column":34}}]},"10":{"loc":{"start":{"line":235,"column":8},"end":{"line":235,"column":52}},"type":"if","locations":[{"start":{"line":235,"column":8},"end":{"line":235,"column":52}}]},"11":{"loc":{"start":{"line":236,"column":8},"end":{"line":236,"column":55}},"type":"if","locations":[{"start":{"line":236,"column":8},"end":{"line":236,"column":55}}]},"12":{"loc":{"start":{"line":237,"column":8},"end":{"line":237,"column":49}},"type":"if","locations":[{"start":{"line":237,"column":8},"end":{"line":237,"column":49}}]},"13":{"loc":{"start":{"line":238,"column":8},"end":{"line":238,"column":58}},"type":"if","locations":[{"start":{"line":238,"column":8},"end":{"line":238,"column":58}}]},"14":{"loc":{"start":{"line":239,"column":8},"end":{"line":239,"column":49}},"type":"if","locations":[{"start":{"line":239,"column":8},"end":{"line":239,"column":49}}]},"15":{"loc":{"start":{"line":240,"column":8},"end":{"line":240,"column":43}},"type":"if","locations":[{"start":{"line":240,"column":8},"end":{"line":240,"column":43}}]},"16":{"loc":{"start":{"line":241,"column":8},"end":{"line":241,"column":73}},"type":"if","locations":[{"start":{"line":241,"column":8},"end":{"line":241,"column":73}}]},"17":{"loc":{"start":{"line":364,"column":8},"end":{"line":364,"column":55}},"type":"if","locations":[{"start":{"line":364,"column":8},"end":{"line":364,"column":55}}]},"18":{"loc":{"start":{"line":365,"column":8},"end":{"line":365,"column":46}},"type":"if","locations":[{"start":{"line":365,"column":8},"end":{"line":365,"column":46}}]},"19":{"loc":{"start":{"line":366,"column":8},"end":{"line":366,"column":73}},"type":"if","locations":[{"start":{"line":366,"column":8},"end":{"line":366,"column":73}}]},"20":{"loc":{"start":{"line":367,"column":8},"end":{"line":367,"column":49}},"type":"if","locations":[{"start":{"line":367,"column":8},"end":{"line":367,"column":49}}]},"21":{"loc":{"start":{"line":368,"column":8},"end":{"line":368,"column":43}},"type":"if","locations":[{"start":{"line":368,"column":8},"end":{"line":368,"column":43}}]},"22":{"loc":{"start":{"line":369,"column":8},"end":{"line":369,"column":67}},"type":"if","locations":[{"start":{"line":369,"column":8},"end":{"line":369,"column":67}}]},"23":{"loc":{"start":{"line":370,"column":8},"end":{"line":370,"column":34}},"type":"if","locations":[{"start":{"line":370,"column":8},"end":{"line":370,"column":34}}]},"24":{"loc":{"start":{"line":371,"column":8},"end":{"line":371,"column":49}},"type":"if","locations":[{"start":{"line":371,"column":8},"end":{"line":371,"column":49}}]},"25":{"loc":{"start":{"line":372,"column":8},"end":{"line":372,"column":58}},"type":"if","locations":[{"start":{"line":372,"column":8},"end":{"line":372,"column":58}}]},"26":{"loc":{"start":{"line":373,"column":8},"end":{"line":373,"column":73}},"type":"if","locations":[{"start":{"line":373,"column":8},"end":{"line":373,"column":73}}]},"27":{"loc":{"start":{"line":374,"column":8},"end":{"line":374,"column":73}},"type":"if","locations":[{"start":{"line":374,"column":8},"end":{"line":374,"column":73}}]},"28":{"loc":{"start":{"line":375,"column":8},"end":{"line":375,"column":34}},"type":"if","locations":[{"start":{"line":375,"column":8},"end":{"line":375,"column":34}}]},"29":{"loc":{"start":{"line":376,"column":8},"end":{"line":376,"column":52}},"type":"if","locations":[{"start":{"line":376,"column":8},"end":{"line":376,"column":52}}]},"30":{"loc":{"start":{"line":377,"column":8},"end":{"line":377,"column":49}},"type":"if","locations":[{"start":{"line":377,"column":8},"end":{"line":377,"column":49}}]},"31":{"loc":{"start":{"line":378,"column":8},"end":{"line":378,"column":52}},"type":"if","locations":[{"start":{"line":378,"column":8},"end":{"line":378,"column":52}}]},"32":{"loc":{"start":{"line":379,"column":8},"end":{"line":379,"column":40}},"type":"if","locations":[{"start":{"line":379,"column":8},"end":{"line":379,"column":40}}]},"33":{"loc":{"start":{"line":380,"column":8},"end":{"line":380,"column":40}},"type":"if","locations":[{"start":{"line":380,"column":8},"end":{"line":380,"column":40}}]},"34":{"loc":{"start":{"line":381,"column":8},"end":{"line":381,"column":37}},"type":"if","locations":[{"start":{"line":381,"column":8},"end":{"line":381,"column":37}}]},"35":{"loc":{"start":{"line":382,"column":8},"end":{"line":382,"column":46}},"type":"if","locations":[{"start":{"line":382,"column":8},"end":{"line":382,"column":46}}]},"36":{"loc":{"start":{"line":383,"column":8},"end":{"line":383,"column":58}},"type":"if","locations":[{"start":{"line":383,"column":8},"end":{"line":383,"column":58}}]},"37":{"loc":{"start":{"line":384,"column":8},"end":{"line":384,"column":52}},"type":"if","locations":[{"start":{"line":384,"column":8},"end":{"line":384,"column":52}}]},"38":{"loc":{"start":{"line":385,"column":8},"end":{"line":385,"column":58}},"type":"if","locations":[{"start":{"line":385,"column":8},"end":{"line":385,"column":58}}]},"39":{"loc":{"start":{"line":386,"column":8},"end":{"line":386,"column":40}},"type":"if","locations":[{"start":{"line":386,"column":8},"end":{"line":386,"column":40}}]},"40":{"loc":{"start":{"line":410,"column":28},"end":{"line":410,"column":58}},"type":"cond-expr","locations":[{"start":{"line":410,"column":36},"end":{"line":410,"column":51}},{"start":{"line":410,"column":54},"end":{"line":410,"column":58}}]},"41":{"loc":{"start":{"line":426,"column":8},"end":{"line":426,"column":null}},"type":"if","locations":[{"start":{"line":426,"column":8},"end":{"line":426,"column":null}}]},"42":{"loc":{"start":{"line":427,"column":8},"end":{"line":427,"column":null}},"type":"if","locations":[{"start":{"line":427,"column":8},"end":{"line":427,"column":null}}]},"43":{"loc":{"start":{"line":428,"column":8},"end":{"line":428,"column":null}},"type":"if","locations":[{"start":{"line":428,"column":8},"end":{"line":428,"column":null}}]},"44":{"loc":{"start":{"line":451,"column":49},"end":{"line":451,"column":79}},"type":"cond-expr","locations":[{"start":{"line":451,"column":57},"end":{"line":451,"column":72}},{"start":{"line":451,"column":75},"end":{"line":451,"column":79}}]},"45":{"loc":{"start":{"line":464,"column":30},"end":{"line":464,"column":61}},"type":"cond-expr","locations":[{"start":{"line":464,"column":49},"end":{"line":464,"column":53}},{"start":{"line":464,"column":56},"end":{"line":464,"column":61}}]},"46":{"loc":{"start":{"line":481,"column":8},"end":{"line":481,"column":null}},"type":"if","locations":[{"start":{"line":481,"column":8},"end":{"line":481,"column":null}}]},"47":{"loc":{"start":{"line":482,"column":8},"end":{"line":482,"column":null}},"type":"if","locations":[{"start":{"line":482,"column":8},"end":{"line":482,"column":null}}]},"48":{"loc":{"start":{"line":483,"column":8},"end":{"line":483,"column":null}},"type":"if","locations":[{"start":{"line":483,"column":8},"end":{"line":483,"column":null}}]},"49":{"loc":{"start":{"line":483,"column":12},"end":{"line":483,"column":54}},"type":"binary-expr","locations":[{"start":{"line":483,"column":12},"end":{"line":483,"column":28}},{"start":{"line":483,"column":32},"end":{"line":483,"column":54}}]},"50":{"loc":{"start":{"line":484,"column":8},"end":{"line":484,"column":null}},"type":"if","locations":[{"start":{"line":484,"column":8},"end":{"line":484,"column":null}}]},"51":{"loc":{"start":{"line":509,"column":8},"end":{"line":509,"column":55}},"type":"if","locations":[{"start":{"line":509,"column":8},"end":{"line":509,"column":55}}]},"52":{"loc":{"start":{"line":510,"column":8},"end":{"line":510,"column":null}},"type":"if","locations":[{"start":{"line":510,"column":8},"end":{"line":510,"column":null}}]},"53":{"loc":{"start":{"line":511,"column":8},"end":{"line":511,"column":null}},"type":"if","locations":[{"start":{"line":511,"column":8},"end":{"line":511,"column":null}}]}},"s":{"0":6,"1":6,"2":6,"3":6,"4":6,"5":6,"6":6,"7":6,"8":6,"9":6,"10":6,"11":6,"12":6,"13":6,"14":6,"15":6,"16":6,"17":6,"18":6,"19":6,"20":6,"21":6,"22":6,"23":6,"24":6,"25":6,"26":6,"27":6,"28":6,"29":0,"30":6,"31":6,"32":6,"33":4,"34":4,"35":4,"36":4,"37":6,"38":6,"39":6,"40":2,"41":2,"42":2,"43":2,"44":2,"45":2,"46":2,"47":2,"48":2,"49":2,"50":6,"51":6,"52":6,"53":6,"54":6,"55":6,"56":0,"57":0,"58":0,"59":0,"60":0,"61":0,"62":0,"63":0,"64":0,"65":0,"66":0,"67":0,"68":0,"69":0,"70":0,"71":0,"72":0,"73":0,"74":0,"75":0,"76":6,"77":6,"78":6,"79":6,"80":6,"81":6,"82":6,"83":6,"84":6,"85":6,"86":6,"87":0,"88":0,"89":0,"90":0,"91":0,"92":0,"93":0,"94":0,"95":0,"96":0,"97":0,"98":0,"99":0,"100":0,"101":0,"102":0,"103":0,"104":0,"105":0,"106":0,"107":0,"108":0,"109":0,"110":0,"111":0,"112":0,"113":0,"114":0,"115":0,"116":0,"117":0,"118":0,"119":0,"120":0,"121":0,"122":0,"123":0,"124":0,"125":0,"126":0,"127":0,"128":0,"129":0,"130":0,"131":0,"132":0,"133":6,"134":6,"135":6,"136":6,"137":6,"138":6,"139":6,"140":6,"141":6,"142":6,"143":6,"144":6,"145":6,"146":6,"147":6,"148":6,"149":6,"150":6,"151":6,"152":6,"153":0,"154":6,"155":6,"156":6,"157":6,"158":6,"159":6,"160":6,"161":6,"162":0,"163":6,"164":0,"165":6,"166":0,"167":0,"168":0,"169":0,"170":0,"171":0,"172":0,"173":6,"174":6,"175":6,"176":6,"177":6,"178":6,"179":0,"180":6,"181":6,"182":6,"183":0,"184":6,"185":7,"186":7,"187":7,"188":7,"189":7,"190":7,"191":7,"192":7,"193":7,"194":6,"195":0,"196":0,"197":0,"198":0,"199":0,"200":0,"201":6,"202":6,"203":6,"204":6},"f":{"0":0,"1":4,"2":2,"3":0,"4":0,"5":0,"6":0,"7":0,"8":0,"9":0,"10":0,"11":7,"12":0},"b":{"0":[4],"1":[4],"2":[2],"3":[2],"4":[2],"5":[2],"6":[2],"7":[0],"8":[0],"9":[0],"10":[0],"11":[0],"12":[0],"13":[0],"14":[0],"15":[0],"16":[0],"17":[0],"18":[0],"19":[0],"20":[0],"21":[0],"22":[0],"23":[0],"24":[0],"25":[0],"26":[0],"27":[0],"28":[0],"29":[0],"30":[0],"31":[0],"32":[0],"33":[0],"34":[0],"35":[0],"36":[0],"37":[0],"38":[0],"39":[0],"40":[0,0],"41":[0],"42":[0],"43":[0],"44":[0,0],"45":[0,0],"46":[7],"47":[7],"48":[7],"49":[7,1],"50":[7],"51":[0],"52":[0],"53":[0]}}
,"/Users/sushilsharma/Desktop/coupon-service/src/modules/coupons/schema/coupons.schema.ts": {"path":"/Users/sushilsharma/Desktop/coupon-service/src/modules/coupons/schema/coupons.schema.ts","statementMap":{"0":{"start":{"line":1,"column":0},"end":{"line":1,"column":63}},"1":{"start":{"line":2,"column":0},"end":{"line":2,"column":46}},"2":{"start":{"line":3,"column":0},"end":{"line":3,"column":73}},"3":{"start":{"line":4,"column":0},"end":{"line":4,"column":127}},"4":{"start":{"line":8,"column":7},"end":{"line":171,"column":null}},"5":{"start":{"line":167,"column":8},"end":{"line":167,"column":16}},"6":{"start":{"line":168,"column":8},"end":{"line":168,"column":30}},"7":{"start":{"line":168,"column":18},"end":{"line":168,"column":30}},"8":{"start":{"line":169,"column":8},"end":{"line":169,"column":34}},"9":{"start":{"line":12,"column":4},"end":{"line":16,"column":null}},"10":{"start":{"line":18,"column":4},"end":{"line":22,"column":null}},"11":{"start":{"line":24,"column":4},"end":{"line":27,"column":null}},"12":{"start":{"line":29,"column":4},"end":{"line":35,"column":null}},"13":{"start":{"line":37,"column":4},"end":{"line":40,"column":null}},"14":{"start":{"line":42,"column":4},"end":{"line":46,"column":null}},"15":{"start":{"line":48,"column":4},"end":{"line":52,"column":null}},"16":{"start":{"line":54,"column":4},"end":{"line":58,"column":null}},"17":{"start":{"line":60,"column":4},"end":{"line":64,"column":null}},"18":{"start":{"line":66,"column":4},"end":{"line":69,"column":null}},"19":{"start":{"line":71,"column":4},"end":{"line":76,"column":null}},"20":{"start":{"line":78,"column":4},"end":{"line":82,"column":null}},"21":{"start":{"line":84,"column":4},"end":{"line":89,"column":null}},"22":{"start":{"line":91,"column":4},"end":{"line":94,"column":null}},"23":{"start":{"line":96,"column":4},"end":{"line":99,"column":null}},"24":{"start":{"line":101,"column":4},"end":{"line":105,"column":null}},"25":{"start":{"line":107,"column":4},"end":{"line":111,"column":null}},"26":{"start":{"line":113,"column":4},"end":{"line":117,"column":null}},"27":{"start":{"line":119,"column":4},"end":{"line":122,"column":null}},"28":{"start":{"line":124,"column":4},"end":{"line":128,"column":null}},"29":{"start":{"line":130,"column":4},"end":{"line":135,"column":null}},"30":{"start":{"line":137,"column":4},"end":{"line":142,"column":null}},"31":{"start":{"line":144,"column":4},"end":{"line":148,"column":null}},"32":{"start":{"line":150,"column":4},"end":{"line":154,"column":null}},"33":{"start":{"line":156,"column":4},"end":{"line":159,"column":null}},"34":{"start":{"line":161,"column":4},"end":{"line":164,"column":null}},"35":{"start":{"line":8,"column":13},"end":{"line":171,"column":null}},"36":{"start":{"line":8,"column":13},"end":{"line":8,"column":20}},"37":{"start":{"line":173,"column":13},"end":{"line":173,"column":67}}},"fnMap":{"0":{"name":"(anonymous_2)","decl":{"start":{"line":166,"column":4},"end":{"line":166,"column":16}},"loc":{"start":{"line":166,"column":26},"end":{"line":170,"column":7}}}},"branchMap":{"0":{"loc":{"start":{"line":168,"column":8},"end":{"line":168,"column":30}},"type":"if","locations":[{"start":{"line":168,"column":8},"end":{"line":168,"column":30}}]}},"s":{"0":5,"1":5,"2":5,"3":5,"4":5,"5":0,"6":0,"7":0,"8":0,"9":5,"10":5,"11":5,"12":5,"13":5,"14":5,"15":5,"16":5,"17":5,"18":5,"19":5,"20":5,"21":5,"22":5,"23":5,"24":5,"25":5,"26":5,"27":5,"28":5,"29":5,"30":5,"31":5,"32":5,"33":5,"34":5,"35":5,"36":5,"37":5},"f":{"0":0},"b":{"0":[0]}}
,"/Users/sushilsharma/Desktop/coupon-service/src/modules/coupons/v1/v1-coupons.controller.ts": {"path":"/Users/sushilsharma/Desktop/coupon-service/src/modules/coupons/v1/v1-coupons.controller.ts","statementMap":{"0":{"start":{"line":1,"column":0},"end":{"line":1,"column":65}},"1":{"start":{"line":2,"column":0},"end":{"line":2,"column":60}},"2":{"start":{"line":3,"column":0},"end":{"line":3,"column":33}},"3":{"start":{"line":4,"column":0},"end":{"line":4,"column":76}},"4":{"start":{"line":5,"column":0},"end":{"line":5,"column":52}},"5":{"start":{"line":6,"column":0},"end":{"line":6,"column":107}},"6":{"start":{"line":9,"column":7},"end":{"line":50,"column":null}},"7":{"start":{"line":11,"column":25},"end":{"line":11,"column":40}},"8":{"start":{"line":24,"column":8},"end":{"line":28,"column":10}},"9":{"start":{"line":40,"column":8},"end":{"line":48,"column":null}},"10":{"start":{"line":23,"column":10},"end":{"line":29,"column":null}},"11":{"start":{"line":39,"column":10},"end":{"line":49,"column":null}},"12":{"start":{"line":9,"column":13},"end":{"line":50,"column":null}},"13":{"start":{"line":9,"column":13},"end":{"line":9,"column":32}}},"fnMap":{"0":{"name":"(anonymous_4)","decl":{"start":{"line":10,"column":4},"end":{"line":10,"column":null}},"loc":{"start":{"line":11,"column":54},"end":{"line":12,"column":9}}},"1":{"name":"(anonymous_5)","decl":{"start":{"line":23,"column":4},"end":{"line":23,"column":9}},"loc":{"start":{"line":23,"column":107},"end":{"line":29,"column":5}}},"2":{"name":"(anonymous_6)","decl":{"start":{"line":39,"column":4},"end":{"line":39,"column":9}},"loc":{"start":{"line":39,"column":109},"end":{"line":49,"column":5}}}},"branchMap":{},"s":{"0":1,"1":1,"2":1,"3":1,"4":1,"5":1,"6":1,"7":5,"8":2,"9":2,"10":1,"11":1,"12":1,"13":1},"f":{"0":5,"1":2,"2":2},"b":{}}
}
