TN:
SF:src/app.controller.ts
FN:9,(anonymous_2)
FN:12,(anonymous_3)
FNF:2
FNH:0
FNDA:0,(anonymous_2)
FNDA:0,(anonymous_3)
DA:1,0
DA:2,0
DA:3,0
DA:8,0
DA:9,0
DA:11,0
DA:13,0
LF:7
LH:0
BRF:0
BRH:0
end_of_record
TN:
SF:src/app.module.ts
FNF:0
FNH:0
DA:1,0
DA:2,0
DA:3,0
DA:4,0
DA:5,0
DA:6,0
DA:7,0
DA:8,0
DA:9,0
DA:10,0
DA:11,0
DA:12,0
DA:31,0
LF:13
LH:0
BRF:0
BRH:0
end_of_record
TN:
SF:src/app.service.ts
FN:5,(anonymous_1)
FN:7,(anonymous_2)
FNF:2
FNH:0
FNDA:0,(anonymous_1)
FNDA:0,(anonymous_2)
DA:1,0
DA:2,0
DA:5,0
DA:6,0
DA:8,0
LF:5
LH:0
BRF:0
BRH:0
end_of_record
TN:
SF:src/lookup.enums.ts
FN:1,(anonymous_0)
FN:6,(anonymous_1)
FN:12,(anonymous_2)
FN:17,(anonymous_3)
FN:24,(anonymous_4)
FN:30,(anonymous_5)
FN:41,(anonymous_6)
FN:48,(anonymous_7)
FN:53,(anonymous_8)
FN:60,(anonymous_9)
FNF:10
FNH:10
FNDA:11,(anonymous_0)
FNDA:11,(anonymous_1)
FNDA:11,(anonymous_2)
FNDA:11,(anonymous_3)
FNDA:11,(anonymous_4)
FNDA:11,(anonymous_5)
FNDA:11,(anonymous_6)
FNDA:11,(anonymous_7)
FNDA:11,(anonymous_8)
FNDA:11,(anonymous_9)
DA:1,11
DA:2,11
DA:3,11
DA:6,11
DA:7,11
DA:8,11
DA:9,11
DA:12,11
DA:13,11
DA:14,11
DA:17,11
DA:18,11
DA:19,11
DA:20,11
DA:21,11
DA:24,11
DA:25,11
DA:26,11
DA:27,11
DA:30,11
DA:31,11
DA:32,11
DA:33,11
DA:34,11
DA:35,11
DA:36,11
DA:37,11
DA:38,11
DA:41,11
DA:42,11
DA:43,11
DA:44,11
DA:45,11
DA:48,11
DA:49,11
DA:50,11
DA:53,11
DA:54,11
DA:55,11
DA:56,11
DA:57,11
DA:60,11
DA:61,11
DA:62,11
DA:63,11
LF:45
LH:45
BRDA:1,0,0,11
BRDA:1,0,1,11
BRDA:6,1,0,11
BRDA:6,1,1,11
BRDA:12,2,0,11
BRDA:12,2,1,11
BRDA:17,3,0,11
BRDA:17,3,1,11
BRDA:24,4,0,11
BRDA:24,4,1,11
BRDA:30,5,0,11
BRDA:30,5,1,11
BRDA:41,6,0,11
BRDA:41,6,1,11
BRDA:48,7,0,11
BRDA:48,7,1,11
BRDA:53,8,0,11
BRDA:53,8,1,11
BRDA:60,9,0,11
BRDA:60,9,1,11
BRF:20
BRH:20
end_of_record
TN:
SF:src/main.ts
FN:12,bootstrap
FNF:1
FNH:0
FNDA:0,bootstrap
DA:1,0
DA:2,0
DA:3,0
DA:4,0
DA:5,0
DA:6,0
DA:7,0
DA:8,0
DA:9,0
DA:13,0
DA:19,0
DA:27,0
DA:29,0
DA:31,0
DA:33,0
DA:35,0
DA:41,0
DA:42,0
DA:46,0
DA:47,0
DA:49,0
DA:50,0
DA:53,0
LF:23
LH:0
BRDA:46,0,0,0
BRDA:46,0,1,0
BRDA:47,1,0,0
BRDA:47,1,1,0
BRF:4
BRH:0
end_of_record
TN:
SF:src/modules/bulk-coupons/bulk-coupons.module.ts
FNF:0
FNH:0
DA:1,0
DA:2,0
DA:3,0
DA:4,0
DA:5,0
DA:6,0
DA:7,0
DA:8,0
DA:9,0
DA:10,0
DA:11,0
DA:12,0
DA:13,0
DA:31,0
LF:14
LH:0
BRF:0
BRH:0
end_of_record
TN:
SF:src/modules/bulk-coupons/bulk-coupons.repository.ts
FN:8,(anonymous_4)
FNF:1
FNH:0
FNDA:0,(anonymous_4)
DA:1,1
DA:3,1
DA:4,1
DA:7,1
DA:10,0
DA:11,0
LF:6
LH:4
BRF:0
BRH:0
end_of_record
TN:
SF:src/modules/bulk-coupons/bulk-coupons.service.ts
FN:14,(anonymous_2)
FN:22,(anonymous_3)
FN:30,(anonymous_4)
FN:50,(anonymous_5)
FN:90,(anonymous_6)
FNF:5
FNH:0
FNDA:0,(anonymous_2)
FNDA:0,(anonymous_3)
FNDA:0,(anonymous_4)
FNDA:0,(anonymous_5)
FNDA:0,(anonymous_6)
DA:1,1
DA:2,1
DA:3,1
DA:4,1
DA:5,1
DA:6,1
DA:7,1
DA:8,1
DA:9,1
DA:10,1
DA:13,1
DA:15,0
DA:16,0
DA:17,0
DA:18,0
DA:19,0
DA:28,0
DA:29,0
DA:30,0
DA:31,0
DA:33,0
DA:34,0
DA:36,0
DA:37,0
DA:38,0
DA:40,0
DA:41,0
DA:42,0
DA:43,0
DA:44,0
DA:47,0
DA:48,0
DA:50,0
DA:52,0
DA:54,0
DA:58,0
DA:60,0
DA:62,0
DA:64,0
DA:65,0
DA:66,0
DA:68,0
DA:73,0
DA:75,0
DA:77,0
DA:84,0
DA:86,0
DA:87,0
DA:97,0
DA:98,0
DA:99,0
LF:51
LH:11
BRDA:30,0,0,0
BRDA:30,0,1,0
BRDA:31,1,0,0
BRDA:31,1,1,0
BRDA:31,2,0,0
BRDA:31,2,1,0
BRDA:31,2,2,0
BRDA:42,3,0,0
BRDA:43,4,0,0
BRDA:43,5,0,0
BRDA:43,5,1,0
BRDA:47,6,0,0
BRDA:60,7,0,0
BRDA:60,8,0,0
BRDA:60,8,1,0
BRDA:75,9,0,0
BRDA:98,10,0,0
BRDA:98,10,1,0
BRF:18
BRH:0
end_of_record
TN:
SF:src/modules/bulk-coupons/admin/admin-bulk-coupons.controller.ts
FN:11,(anonymous_4)
FN:24,(anonymous_5)
FNF:2
FNH:0
FNDA:0,(anonymous_4)
FNDA:0,(anonymous_5)
DA:1,0
DA:2,0
DA:3,0
DA:4,0
DA:5,0
DA:7,0
DA:10,0
DA:12,0
DA:24,0
DA:25,0
LF:10
LH:0
BRF:0
BRH:0
end_of_record
TN:
SF:src/modules/bulk-coupons/cache/bulk-coupons.cache.ts
FN:6,(anonymous_2)
FNF:1
FNH:0
FNDA:0,(anonymous_2)
DA:1,1
DA:2,1
DA:5,1
DA:7,0
LF:4
LH:3
BRF:0
BRH:0
end_of_record
TN:
SF:src/modules/bulk-coupons/dto/bulk-coupons.dto.ts
FN:102,(anonymous_2)
FNF:1
FNH:0
FNDA:0,(anonymous_2)
DA:1,0
DA:2,0
DA:3,0
DA:4,0
DA:6,0
DA:8,0
DA:12,0
DA:16,0
DA:20,0
DA:24,0
DA:28,0
DA:32,0
DA:36,0
DA:40,0
DA:44,0
DA:48,0
DA:52,0
DA:56,0
DA:60,0
DA:64,0
DA:68,0
DA:72,0
DA:76,0
DA:80,0
DA:84,0
DA:88,0
DA:92,0
DA:96,0
DA:100,0
DA:102,0
LF:30
LH:0
BRF:0
BRH:0
end_of_record
TN:
SF:src/modules/bulk-coupons/schema/bulk-coupon.schema.ts
FNF:0
FNH:0
DA:1,1
DA:2,1
DA:3,1
DA:4,1
DA:7,1
DA:9,1
DA:15,1
DA:20,1
DA:25,1
DA:30,1
DA:38,1
DA:43,1
DA:49,1
DA:55,1
DA:61,1
DA:67,1
DA:72,1
DA:80,1
DA:87,1
DA:95,1
DA:101,1
DA:107,1
DA:113,1
DA:118,1
DA:124,1
DA:130,1
DA:137,1
DA:144,1
DA:150,1
DA:156,1
LF:30
LH:30
BRF:0
BRH:0
end_of_record
TN:
SF:src/modules/bulk-coupons/v1/v1-bulk-coupons.controller.ts
FN:6,(anonymous_2)
FNF:1
FNH:0
FNDA:0,(anonymous_2)
DA:1,0
DA:2,0
DA:5,0
DA:7,0
LF:4
LH:0
BRF:0
BRH:0
end_of_record
TN:
SF:src/modules/coupon-student-mappings/coupon-student-mappings.module.ts
FNF:0
FNH:0
DA:1,0
DA:2,0
DA:3,0
DA:4,0
DA:5,0
DA:6,0
DA:7,0
DA:8,0
DA:9,0
DA:22,0
LF:10
LH:0
BRF:0
BRH:0
end_of_record
TN:
SF:src/modules/coupon-student-mappings/coupon-student-mappings.repository.ts
FN:8,(anonymous_4)
FN:13,(anonymous_5)
FN:19,(anonymous_6)
FN:23,(anonymous_7)
FN:27,(anonymous_8)
FN:36,(anonymous_9)
FNF:6
FNH:0
FNDA:0,(anonymous_4)
FNDA:0,(anonymous_5)
FNDA:0,(anonymous_6)
FNDA:0,(anonymous_7)
FNDA:0,(anonymous_8)
FNDA:0,(anonymous_9)
DA:1,5
DA:3,5
DA:4,5
DA:7,5
DA:10,0
DA:11,0
DA:14,0
DA:15,0
DA:16,0
DA:20,0
DA:24,0
DA:28,0
DA:29,0
DA:31,0
DA:32,0
DA:33,0
DA:37,0
LF:17
LH:4
BRDA:29,0,0,0
BRF:1
BRH:0
end_of_record
TN:
SF:src/modules/coupon-student-mappings/coupon-student-mappings.service.ts
FN:10,(anonymous_2)
FN:14,(anonymous_3)
FN:18,(anonymous_4)
FN:22,(anonymous_5)
FN:26,(anonymous_6)
FN:30,(anonymous_7)
FN:32,(anonymous_8)
FNF:7
FNH:0
FNDA:0,(anonymous_2)
FNDA:0,(anonymous_3)
FNDA:0,(anonymous_4)
FNDA:0,(anonymous_5)
FNDA:0,(anonymous_6)
FNDA:0,(anonymous_7)
FNDA:0,(anonymous_8)
DA:1,5
DA:2,5
DA:4,5
DA:9,5
DA:11,0
DA:15,0
DA:19,0
DA:23,0
DA:27,0
DA:31,0
DA:32,0
DA:33,0
DA:35,0
LF:13
LH:4
BRF:0
BRH:0
end_of_record
TN:
SF:src/modules/coupon-student-mappings/admin/admin-coupon-student-mapppings.controller.ts
FN:6,(anonymous_2)
FNF:1
FNH:0
FNDA:0,(anonymous_2)
DA:1,0
DA:2,0
DA:5,0
DA:7,0
LF:4
LH:0
BRF:0
BRH:0
end_of_record
TN:
SF:src/modules/coupon-student-mappings/cache/coupon-student-mapping.cache.ts
FN:13,(anonymous_2)
FN:18,(anonymous_3)
FN:22,(anonymous_4)
FN:26,(anonymous_5)
FN:34,(anonymous_6)
FNF:5
FNH:0
FNDA:0,(anonymous_2)
FNDA:0,(anonymous_3)
FNDA:0,(anonymous_4)
FNDA:0,(anonymous_5)
FNDA:0,(anonymous_6)
DA:1,5
DA:2,5
DA:4,5
DA:9,5
DA:10,0
DA:11,0
DA:14,0
DA:15,0
DA:19,0
DA:23,0
DA:27,0
DA:35,0
LF:12
LH:4
BRF:0
BRH:0
end_of_record
TN:
SF:src/modules/coupon-student-mappings/dto/coupon-student-mapping.dto.ts
FN:27,(anonymous_2)
FNF:1
FNH:0
FNDA:0,(anonymous_2)
DA:1,4
DA:2,4
DA:3,4
DA:5,4
DA:7,4
DA:11,4
DA:15,4
DA:19,4
DA:23,4
DA:34,0
DA:35,0
DA:36,0
DA:37,0
DA:38,0
DA:39,0
LF:15
LH:9
BRDA:34,0,0,0
BRDA:35,1,0,0
BRDA:36,2,0,0
BRDA:37,3,0,0
BRDA:38,4,0,0
BRF:5
BRH:0
end_of_record
TN:
SF:src/modules/coupon-student-mappings/schema/coupon-student-mapping.schema.ts
FN:46,(anonymous_2)
FNF:1
FNH:0
FNDA:0,(anonymous_2)
DA:1,5
DA:2,5
DA:3,5
DA:4,5
DA:8,5
DA:12,5
DA:19,5
DA:26,5
DA:34,5
DA:39,5
DA:47,0
DA:48,0
DA:49,0
DA:53,5
LF:14
LH:11
BRDA:48,0,0,0
BRF:1
BRH:0
end_of_record
TN:
SF:src/modules/coupon-student-mappings/v1/v1-coupon-student-mappings.controller.ts
FN:6,(anonymous_2)
FNF:1
FNH:0
FNDA:0,(anonymous_2)
DA:1,0
DA:2,0
DA:5,0
DA:7,0
LF:4
LH:0
BRF:0
BRH:0
end_of_record
TN:
SF:src/modules/coupons/coupons.module.ts
FNF:0
FNH:0
DA:1,0
DA:2,0
DA:3,0
DA:4,0
DA:5,0
DA:6,0
DA:7,0
DA:8,0
DA:9,0
DA:10,0
DA:11,0
DA:12,0
DA:29,0
LF:13
LH:0
BRF:0
BRH:0
end_of_record
TN:
SF:src/modules/coupons/coupons.repository.ts
FN:10,(anonymous_4)
FN:16,(anonymous_5)
FN:20,(anonymous_6)
FN:26,(anonymous_7)
FN:30,(anonymous_8)
FN:35,(anonymous_9)
FN:42,(anonymous_10)
FN:42,(anonymous_11)
FN:55,(anonymous_12)
FNF:9
FNH:8
FNDA:15,(anonymous_4)
FNDA:2,(anonymous_5)
FNDA:2,(anonymous_6)
FNDA:2,(anonymous_7)
FNDA:0,(anonymous_8)
FNDA:4,(anonymous_9)
FNDA:6,(anonymous_10)
FNDA:6,(anonymous_11)
FNDA:4,(anonymous_12)
DA:1,5
DA:4,5
DA:5,5
DA:9,5
DA:12,15
DA:13,15
DA:17,2
DA:21,2
DA:22,2
DA:23,2
DA:27,2
DA:31,0
DA:32,0
DA:37,4
DA:38,4
DA:40,4
DA:42,6
DA:44,4
DA:46,2
DA:48,2
DA:49,2
DA:51,2
DA:52,2
DA:57,4
DA:58,1
DA:61,3
DA:62,3
DA:64,3
DA:66,2
DA:67,2
DA:68,2
LF:31
LH:29
BRDA:42,0,0,3
BRDA:44,1,0,2
BRDA:49,2,0,0
BRDA:49,3,0,2
BRDA:49,3,1,2
BRDA:57,4,0,1
BRDA:57,4,1,3
BRDA:64,5,0,1
BRF:8
BRH:7
end_of_record
TN:
SF:src/modules/coupons/coupons.service.ts
FN:25,(anonymous_2)
FN:35,(anonymous_3)
FN:72,(anonymous_4)
FN:79,(anonymous_5)
FN:83,(anonymous_6)
FN:98,(anonymous_7)
FN:126,(anonymous_8)
FN:144,(anonymous_9)
FN:145,(anonymous_10)
FN:197,(anonymous_11)
FN:203,(anonymous_12)
FN:219,(anonymous_13)
FN:230,(anonymous_14)
FN:241,(anonymous_15)
FN:250,(anonymous_16)
FN:337,(anonymous_17)
FN:353,(anonymous_18)
FN:373,(anonymous_19)
FN:380,(anonymous_20)
FN:399,(anonymous_21)
FN:406,(anonymous_22)
FN:410,(anonymous_23)
FN:419,(anonymous_24)
FN:420,(anonymous_25)
FN:438,(anonymous_26)
FN:454,(anonymous_27)
FN:457,(anonymous_28)
FN:461,(anonymous_29)
FN:463,(anonymous_30)
FN:468,(anonymous_31)
FN:473,(anonymous_32)
FN:479,(anonymous_33)
FN:481,(anonymous_34)
FN:484,(anonymous_35)
FN:488,(anonymous_36)
FN:489,(anonymous_37)
FN:490,(anonymous_38)
FN:494,(anonymous_39)
FN:507,(anonymous_40)
FN:552,(anonymous_41)
FN:626,(anonymous_42)
FN:629,(anonymous_43)
FNF:42
FNH:14
FNDA:35,(anonymous_2)
FNDA:3,(anonymous_3)
FNDA:2,(anonymous_4)
FNDA:0,(anonymous_5)
FNDA:0,(anonymous_6)
FNDA:0,(anonymous_7)
FNDA:0,(anonymous_8)
FNDA:0,(anonymous_9)
FNDA:0,(anonymous_10)
FNDA:0,(anonymous_11)
FNDA:0,(anonymous_12)
FNDA:0,(anonymous_13)
FNDA:4,(anonymous_14)
FNDA:18,(anonymous_15)
FNDA:4,(anonymous_16)
FNDA:0,(anonymous_17)
FNDA:4,(anonymous_18)
FNDA:0,(anonymous_19)
FNDA:0,(anonymous_20)
FNDA:0,(anonymous_21)
FNDA:4,(anonymous_22)
FNDA:27,(anonymous_23)
FNDA:0,(anonymous_24)
FNDA:0,(anonymous_25)
FNDA:7,(anonymous_26)
FNDA:0,(anonymous_27)
FNDA:0,(anonymous_28)
FNDA:0,(anonymous_29)
FNDA:0,(anonymous_30)
FNDA:0,(anonymous_31)
FNDA:0,(anonymous_32)
FNDA:0,(anonymous_33)
FNDA:0,(anonymous_34)
FNDA:0,(anonymous_35)
FNDA:0,(anonymous_36)
FNDA:0,(anonymous_37)
FNDA:0,(anonymous_38)
FNDA:0,(anonymous_39)
FNDA:25,(anonymous_40)
FNDA:5,(anonymous_41)
FNDA:6,(anonymous_42)
FNDA:5,(anonymous_43)
DA:1,4
DA:2,4
DA:5,4
DA:6,4
DA:7,4
DA:8,4
DA:9,4
DA:10,4
DA:12,4
DA:14,4
DA:15,4
DA:16,4
DA:18,4
DA:19,4
DA:20,4
DA:21,4
DA:24,4
DA:26,35
DA:27,35
DA:28,35
DA:29,35
DA:30,35
DA:31,35
DA:32,35
DA:36,3
DA:39,3
DA:40,1
DA:48,3
DA:53,3
DA:59,3
DA:64,3
DA:66,3
DA:67,1
DA:69,2
DA:74,2
DA:75,2
DA:76,2
DA:80,0
DA:84,0
DA:85,0
DA:86,0
DA:87,0
DA:89,0
DA:90,0
DA:92,0
DA:93,0
DA:100,0
DA:101,0
DA:104,0
DA:109,0
DA:111,0
DA:112,0
DA:114,0
DA:115,0
DA:117,0
DA:118,0
DA:121,0
DA:122,0
DA:123,0
DA:128,0
DA:141,0
DA:143,0
DA:144,0
DA:145,0
DA:147,0
DA:148,0
DA:150,0
DA:151,0
DA:152,0
DA:154,0
DA:155,0
DA:156,0
DA:157,0
DA:158,0
DA:161,0
DA:162,0
DA:164,0
DA:165,0
DA:166,0
DA:168,0
DA:169,0
DA:171,0
DA:173,0
DA:174,0
DA:175,0
DA:180,0
DA:181,0
DA:182,0
DA:189,0
DA:192,0
DA:193,0
DA:194,0
DA:198,0
DA:199,0
DA:200,0
DA:204,0
DA:205,0
DA:209,0
DA:211,0
DA:212,0
DA:214,0
DA:215,0
DA:219,0
DA:220,0
DA:223,0
DA:224,0
DA:225,0
DA:226,0
DA:232,4
DA:236,4
DA:238,4
DA:239,4
DA:241,18
DA:243,4
DA:248,4
DA:249,2
DA:250,4
DA:253,4
DA:254,2
DA:256,1
DA:257,1
DA:258,1
DA:260,0
DA:261,0
DA:262,0
DA:264,0
DA:265,0
DA:266,0
DA:268,0
DA:269,0
DA:270,0
DA:272,0
DA:273,0
DA:274,0
DA:276,0
DA:277,0
DA:278,0
DA:280,0
DA:281,0
DA:282,0
DA:284,0
DA:285,0
DA:286,0
DA:288,0
DA:289,0
DA:290,0
DA:292,1
DA:293,1
DA:297,4
DA:299,4
DA:307,4
DA:315,4
DA:323,4
DA:329,4
DA:330,4
DA:331,4
DA:333,4
DA:335,0
DA:337,0
DA:339,0
DA:341,0
DA:343,0
DA:345,0
DA:350,0
DA:354,4
DA:355,4
DA:357,4
DA:358,4
DA:359,4
DA:361,4
DA:362,4
DA:364,4
DA:365,4
DA:367,4
DA:368,4
DA:369,4
DA:372,4
DA:373,0
DA:374,0
DA:377,4
DA:381,0
DA:382,0
DA:384,0
DA:385,0
DA:386,0
DA:388,0
DA:389,0
DA:391,0
DA:393,0
DA:394,0
DA:395,0
DA:398,0
DA:399,0
DA:400,0
DA:403,0
DA:407,4
DA:408,4
DA:410,4
DA:411,27
DA:412,23
DA:413,23
DA:416,0
DA:420,0
DA:421,0
DA:422,0
DA:423,0
DA:424,0
DA:425,0
DA:428,0
DA:429,0
DA:430,0
DA:433,0
DA:435,0
DA:441,7
DA:443,0
DA:444,0
DA:446,7
DA:447,7
DA:450,7
DA:451,7
DA:455,0
DA:457,0
DA:458,0
DA:459,0
DA:460,0
DA:461,0
DA:463,0
DA:465,0
DA:466,0
DA:468,0
DA:469,0
DA:470,0
DA:473,0
DA:476,0
DA:480,0
DA:481,0
DA:484,0
DA:485,0
DA:489,0
DA:490,0
DA:491,0
DA:495,0
DA:496,0
DA:500,0
DA:501,0
DA:502,0
DA:504,0
DA:509,25
DA:513,25
DA:514,19
DA:517,6
DA:520,25
DA:522,25
DA:523,24
DA:525,24
DA:526,4
DA:527,3
DA:529,2
DA:530,1
DA:532,1
DA:540,20
DA:542,3
DA:543,1
DA:545,2
DA:546,2
DA:549,18
DA:550,5
DA:552,5
DA:553,5
DA:556,5
DA:559,17
DA:562,2
DA:564,2
DA:566,2
DA:567,1
DA:570,1
DA:573,2
DA:574,2
DA:577,15
DA:578,2
DA:579,2
DA:582,14
DA:583,1
DA:586,13
DA:588,2
DA:593,2
DA:595,2
DA:598,12
DA:599,11
DA:600,10
DA:602,9
DA:604,9
DA:606,8
DA:607,1
DA:609,7
DA:611,7
DA:613,7
DA:615,7
DA:617,6
DA:623,6
DA:627,6
DA:629,6
DA:630,5
DA:631,5
DA:633,6
LF:305
LH:145
BRDA:39,0,0,1
BRDA:48,1,0,2
BRDA:53,2,0,0
BRDA:66,3,0,1
BRDA:66,4,0,3
BRDA:66,4,1,3
BRDA:87,5,0,0
BRDA:87,5,1,0
BRDA:87,5,2,0
BRDA:87,5,3,0
BRDA:89,6,0,0
BRDA:89,7,0,0
BRDA:89,7,1,0
BRDA:89,8,0,0
BRDA:89,8,1,0
BRDA:92,9,0,0
BRDA:100,10,0,0
BRDA:111,11,0,0
BRDA:114,12,0,0
BRDA:114,13,0,0
BRDA:114,13,1,0
BRDA:114,14,0,0
BRDA:114,14,1,0
BRDA:114,15,0,0
BRDA:114,15,1,0
BRDA:117,16,0,0
BRDA:117,17,0,0
BRDA:117,17,1,0
BRDA:117,17,2,0
BRDA:117,17,3,0
BRDA:117,18,0,0
BRDA:117,18,1,0
BRDA:117,19,0,0
BRDA:117,19,1,0
BRDA:130,20,0,0
BRDA:130,20,1,0
BRDA:135,21,0,0
BRDA:135,21,1,0
BRDA:144,22,0,0
BRDA:144,22,1,0
BRDA:147,23,0,0
BRDA:147,23,1,0
BRDA:147,24,0,0
BRDA:147,24,1,0
BRDA:147,24,2,0
BRDA:156,25,0,0
BRDA:157,26,0,0
BRDA:157,27,0,0
BRDA:157,27,1,0
BRDA:161,28,0,0
BRDA:168,29,0,0
BRDA:168,29,1,0
BRDA:173,30,0,0
BRDA:181,31,0,0
BRDA:192,32,0,0
BRDA:199,33,0,0
BRDA:199,33,1,0
BRDA:211,34,0,0
BRDA:241,35,0,3
BRDA:241,36,0,4
BRDA:241,36,1,4
BRDA:248,37,0,2
BRDA:248,38,0,4
BRDA:248,38,1,4
BRDA:253,39,0,2
BRDA:253,40,0,4
BRDA:253,40,1,4
BRDA:254,41,0,1
BRDA:254,41,1,0
BRDA:254,41,2,0
BRDA:254,41,3,0
BRDA:254,41,4,0
BRDA:254,41,5,0
BRDA:254,41,6,0
BRDA:254,41,7,0
BRDA:254,41,8,0
BRDA:254,41,9,1
BRDA:337,42,0,0
BRDA:337,42,1,0
BRDA:364,43,0,3
BRDA:365,44,0,0
BRDA:367,45,0,4
BRDA:368,46,0,4
BRDA:368,47,0,4
BRDA:368,47,1,4
BRDA:372,48,0,0
BRDA:372,49,0,4
BRDA:372,49,1,4
BRDA:393,50,0,0
BRDA:394,51,0,0
BRDA:394,52,0,0
BRDA:394,52,1,0
BRDA:398,53,0,0
BRDA:398,54,0,0
BRDA:398,54,1,0
BRDA:411,55,0,23
BRDA:421,56,0,0
BRDA:421,57,0,0
BRDA:421,57,1,0
BRDA:422,58,0,0
BRDA:422,58,1,0
BRDA:441,59,0,0
BRDA:441,59,1,7
BRDA:450,60,0,1
BRDA:458,61,0,0
BRDA:459,62,0,0
BRDA:465,63,0,0
BRDA:469,64,0,0
BRDA:481,65,0,0
BRDA:481,65,1,0
BRDA:501,66,0,0
BRDA:507,67,0,0
BRDA:513,68,0,19
BRDA:513,68,1,6
BRDA:522,69,0,1
BRDA:525,70,0,4
BRDA:526,71,0,1
BRDA:527,72,0,1
BRDA:529,73,0,1
BRDA:540,74,0,3
BRDA:540,75,0,20
BRDA:540,75,1,20
BRDA:540,75,2,12
BRDA:540,75,3,4
BRDA:540,75,4,3
BRDA:542,76,0,1
BRDA:546,77,0,1
BRDA:549,78,0,5
BRDA:549,79,0,18
BRDA:549,79,1,18
BRDA:549,79,2,8
BRDA:549,79,3,8
BRDA:549,79,4,7
BRDA:553,80,0,4
BRDA:556,81,0,1
BRDA:559,82,0,2
BRDA:559,83,0,17
BRDA:559,83,1,9
BRDA:562,84,0,1
BRDA:562,85,0,2
BRDA:562,85,1,2
BRDA:566,86,0,1
BRDA:566,86,1,1
BRDA:574,87,0,2
BRDA:577,88,0,2
BRDA:577,89,0,15
BRDA:577,89,1,7
BRDA:579,90,0,1
BRDA:582,91,0,1
BRDA:582,92,0,14
BRDA:582,92,1,1
BRDA:586,93,0,2
BRDA:595,94,0,1
BRDA:598,95,0,1
BRDA:599,96,0,1
BRDA:600,97,0,1
BRDA:604,98,0,1
BRDA:606,99,0,1
BRDA:606,100,0,8
BRDA:606,100,1,1
BRDA:606,100,2,0
BRDA:606,100,3,1
BRDA:611,101,0,0
BRDA:615,102,0,1
BRDA:631,103,0,2
BRF:165
BRH:77
end_of_record
TN:
SF:src/modules/coupons/admin/admin-coupons.controller.ts
FN:10,(anonymous_4)
FN:22,(anonymous_5)
FN:35,(anonymous_6)
FN:47,(anonymous_7)
FN:59,(anonymous_8)
FN:71,(anonymous_9)
FNF:6
FNH:3
FNDA:5,(anonymous_4)
FNDA:2,(anonymous_5)
FNDA:2,(anonymous_6)
FNDA:0,(anonymous_7)
FNDA:0,(anonymous_8)
FNDA:0,(anonymous_9)
DA:1,1
DA:2,1
DA:3,1
DA:4,1
DA:5,1
DA:6,1
DA:9,1
DA:11,5
DA:22,1
DA:23,2
DA:24,2
DA:35,1
DA:36,2
DA:47,1
DA:48,0
DA:59,1
DA:60,0
DA:61,0
DA:71,1
DA:72,0
DA:73,0
LF:21
LH:16
BRF:0
BRH:0
end_of_record
TN:
SF:src/modules/coupons/cache/coupons.cache.ts
FN:10,(anonymous_2)
FN:15,(anonymous_3)
FN:19,(anonymous_4)
FN:22,(anonymous_5)
FN:26,(anonymous_6)
FN:30,(anonymous_7)
FN:32,(anonymous_8)
FN:42,(anonymous_9)
FN:46,(anonymous_10)
FN:54,(anonymous_11)
FNF:10
FNH:10
FNDA:11,(anonymous_2)
FNDA:20,(anonymous_3)
FNDA:2,(anonymous_4)
FNDA:2,(anonymous_5)
FNDA:2,(anonymous_6)
FNDA:2,(anonymous_7)
FNDA:2,(anonymous_8)
FNDA:2,(anonymous_9)
FNDA:2,(anonymous_10)
FNDA:2,(anonymous_11)
DA:1,6
DA:2,6
DA:4,6
DA:8,6
DA:9,11
DA:11,11
DA:12,11
DA:16,20
DA:20,2
DA:22,2
DA:23,2
DA:24,2
DA:26,2
DA:27,2
DA:32,2
DA:33,2
DA:39,2
DA:43,2
DA:47,2
DA:55,2
LF:20
LH:20
BRDA:24,0,0,1
BRF:1
BRH:1
end_of_record
TN:
SF:src/modules/coupons/dto/coupons.dto.ts
FN:111,(anonymous_2)
FN:133,(anonymous_3)
FN:163,(anonymous_4)
FN:220,(anonymous_5)
FN:339,(anonymous_6)
FN:324,(anonymous_7)
FN:406,(anonymous_8)
FN:410,(anonymous_9)
FN:421,(anonymous_10)
FN:451,(anonymous_11)
FN:464,(anonymous_12)
FN:475,(anonymous_13)
FN:504,(anonymous_14)
FNF:13
FNH:3
FNDA:0,(anonymous_2)
FNDA:4,(anonymous_3)
FNDA:2,(anonymous_4)
FNDA:0,(anonymous_5)
FNDA:0,(anonymous_6)
FNDA:0,(anonymous_7)
FNDA:0,(anonymous_8)
FNDA:0,(anonymous_9)
FNDA:0,(anonymous_10)
FNDA:0,(anonymous_11)
FNDA:0,(anonymous_12)
FNDA:7,(anonymous_13)
FNDA:0,(anonymous_14)
DA:1,6
DA:2,6
DA:3,6
DA:4,6
DA:7,6
DA:9,6
DA:13,6
DA:17,6
DA:21,6
DA:25,6
DA:29,6
DA:33,6
DA:37,6
DA:41,6
DA:45,6
DA:49,6
DA:53,6
DA:58,6
DA:62,6
DA:66,6
DA:70,6
DA:75,6
DA:80,6
DA:84,6
DA:89,6
DA:94,6
DA:98,6
DA:102,6
DA:106,6
DA:109,6
DA:111,0
DA:114,6
DA:118,6
DA:123,6
DA:125,6
DA:129,6
DA:137,4
DA:138,4
DA:141,6
DA:143,6
DA:147,6
DA:151,6
DA:155,6
DA:159,6
DA:170,2
DA:171,2
DA:172,2
DA:173,2
DA:174,2
DA:178,6
DA:180,6
DA:184,6
DA:188,6
DA:192,6
DA:196,6
DA:200,6
DA:204,6
DA:208,6
DA:212,6
DA:216,6
DA:232,0
DA:233,0
DA:234,0
DA:235,0
DA:236,0
DA:237,0
DA:238,0
DA:239,0
DA:240,0
DA:241,0
DA:245,6
DA:247,6
DA:251,6
DA:255,6
DA:259,6
DA:263,6
DA:267,6
DA:271,6
DA:275,6
DA:279,6
DA:283,6
DA:287,6
DA:291,6
DA:295,6
DA:299,6
DA:303,6
DA:307,6
DA:311,6
DA:315,6
DA:319,6
DA:322,6
DA:324,0
DA:327,6
DA:331,6
DA:335,6
DA:364,0
DA:365,0
DA:366,0
DA:367,0
DA:368,0
DA:369,0
DA:370,0
DA:371,0
DA:372,0
DA:373,0
DA:374,0
DA:375,0
DA:376,0
DA:377,0
DA:378,0
DA:379,0
DA:380,0
DA:381,0
DA:382,0
DA:383,0
DA:384,0
DA:385,0
DA:386,0
DA:390,6
DA:392,6
DA:396,6
DA:401,6
DA:403,6
DA:406,0
DA:409,6
DA:410,0
DA:415,6
DA:426,0
DA:427,0
DA:428,0
DA:429,0
DA:433,6
DA:435,6
DA:440,6
DA:442,6
DA:446,6
DA:450,6
DA:451,0
DA:455,6
DA:459,6
DA:463,6
DA:464,0
DA:468,6
DA:481,7
DA:482,7
DA:483,7
DA:484,7
DA:486,7
DA:490,6
DA:492,6
DA:496,6
DA:500,6
DA:509,0
DA:510,0
DA:511,0
LF:155
LH:109
BRDA:137,0,0,4
BRDA:138,1,0,4
BRDA:170,2,0,2
BRDA:171,3,0,2
BRDA:172,4,0,2
BRDA:173,5,0,2
BRDA:174,6,0,2
BRDA:232,7,0,0
BRDA:233,8,0,0
BRDA:234,9,0,0
BRDA:235,10,0,0
BRDA:236,11,0,0
BRDA:237,12,0,0
BRDA:238,13,0,0
BRDA:239,14,0,0
BRDA:240,15,0,0
BRDA:241,16,0,0
BRDA:364,17,0,0
BRDA:365,18,0,0
BRDA:366,19,0,0
BRDA:367,20,0,0
BRDA:368,21,0,0
BRDA:369,22,0,0
BRDA:370,23,0,0
BRDA:371,24,0,0
BRDA:372,25,0,0
BRDA:373,26,0,0
BRDA:374,27,0,0
BRDA:375,28,0,0
BRDA:376,29,0,0
BRDA:377,30,0,0
BRDA:378,31,0,0
BRDA:379,32,0,0
BRDA:380,33,0,0
BRDA:381,34,0,0
BRDA:382,35,0,0
BRDA:383,36,0,0
BRDA:384,37,0,0
BRDA:385,38,0,0
BRDA:386,39,0,0
BRDA:410,40,0,0
BRDA:410,40,1,0
BRDA:426,41,0,0
BRDA:427,42,0,0
BRDA:428,43,0,0
BRDA:451,44,0,0
BRDA:451,44,1,0
BRDA:464,45,0,0
BRDA:464,45,1,0
BRDA:481,46,0,7
BRDA:482,47,0,7
BRDA:483,48,0,7
BRDA:483,49,0,7
BRDA:483,49,1,1
BRDA:484,50,0,7
BRDA:509,51,0,0
BRDA:510,52,0,0
BRDA:511,53,0,0
BRF:58
BRH:13
end_of_record
TN:
SF:src/modules/coupons/schema/coupons.schema.ts
FN:166,(anonymous_2)
FNF:1
FNH:0
FNDA:0,(anonymous_2)
DA:1,5
DA:2,5
DA:3,5
DA:4,5
DA:8,5
DA:12,5
DA:18,5
DA:24,5
DA:29,5
DA:37,5
DA:42,5
DA:48,5
DA:54,5
DA:60,5
DA:66,5
DA:71,5
DA:78,5
DA:84,5
DA:91,5
DA:96,5
DA:101,5
DA:107,5
DA:113,5
DA:119,5
DA:124,5
DA:130,5
DA:137,5
DA:144,5
DA:150,5
DA:156,5
DA:161,5
DA:167,0
DA:168,0
DA:169,0
DA:173,5
LF:35
LH:32
BRDA:168,0,0,0
BRF:1
BRH:0
end_of_record
TN:
SF:src/modules/coupons/v1/v1-coupons.controller.ts
FN:10,(anonymous_4)
FN:23,(anonymous_5)
FN:39,(anonymous_6)
FNF:3
FNH:3
FNDA:5,(anonymous_4)
FNDA:2,(anonymous_5)
FNDA:2,(anonymous_6)
DA:1,1
DA:2,1
DA:3,1
DA:4,1
DA:5,1
DA:6,1
DA:9,1
DA:11,5
DA:23,1
DA:24,2
DA:39,1
DA:40,2
LF:12
LH:12
BRF:0
BRH:0
end_of_record
